<?xml version="1.0" encoding="UTF-8"?>
<testsuite xmlns:xsi="http://www.w3.org/2001/XMLSchema-instance" xsi:noNamespaceSchemaLocation="https://maven.apache.org/surefire/maven-surefire-plugin/xsd/surefire-test-report.xsd" name="Базовый функционал." time="0.157" tests="1" errors="1" skipped="0" failures="0">
  <properties>
    <property name="java.specification.version" value="18"/>
    <property name="sun.cpu.isalist" value="amd64"/>
    <property name="sun.jnu.encoding" value="Cp1251"/>
    <property name="java.class.path" value="C:\Users\gonch\IdeaProjects\try1\target\test-classes;C:\Users\gonch\IdeaProjects\try1\target\classes;C:\Users\gonch\.m2\repository\io\qameta\allure\allure-junit5\2.16.1\allure-junit5-2.16.1.jar;C:\Users\gonch\.m2\repository\io\qameta\allure\allure-junit-platform\2.16.1\allure-junit-platform-2.16.1.jar;C:\Users\gonch\.m2\repository\io\qameta\allure\allure-test-filter\2.16.1\allure-test-filter-2.16.1.jar;C:\Users\gonch\.m2\repository\org\junit\platform\junit-platform-launcher\1.8.1\junit-platform-launcher-1.8.1.jar;C:\Users\gonch\.m2\repository\com\codeborne\selenide\5.25.0\selenide-5.25.0.jar;C:\Users\gonch\.m2\repository\org\opentest4j\opentest4j\1.2.0\opentest4j-1.2.0.jar;C:\Users\gonch\.m2\repository\org\seleniumhq\selenium\selenium-java\3.141.59\selenium-java-3.141.59.jar;C:\Users\gonch\.m2\repository\org\seleniumhq\selenium\selenium-api\3.141.59\selenium-api-3.141.59.jar;C:\Users\gonch\.m2\repository\org\seleniumhq\selenium\selenium-chrome-driver\3.141.59\selenium-chrome-driver-3.141.59.jar;C:\Users\gonch\.m2\repository\org\seleniumhq\selenium\selenium-edge-driver\3.141.59\selenium-edge-driver-3.141.59.jar;C:\Users\gonch\.m2\repository\org\seleniumhq\selenium\selenium-firefox-driver\3.141.59\selenium-firefox-driver-3.141.59.jar;C:\Users\gonch\.m2\repository\org\seleniumhq\selenium\selenium-ie-driver\3.141.59\selenium-ie-driver-3.141.59.jar;C:\Users\gonch\.m2\repository\org\seleniumhq\selenium\selenium-opera-driver\3.141.59\selenium-opera-driver-3.141.59.jar;C:\Users\gonch\.m2\repository\org\seleniumhq\selenium\selenium-remote-driver\3.141.59\selenium-remote-driver-3.141.59.jar;C:\Users\gonch\.m2\repository\org\seleniumhq\selenium\selenium-safari-driver\3.141.59\selenium-safari-driver-3.141.59.jar;C:\Users\gonch\.m2\repository\org\seleniumhq\selenium\selenium-support\3.141.59\selenium-support-3.141.59.jar;C:\Users\gonch\.m2\repository\org\apache\commons\commons-exec\1.3\commons-exec-1.3.jar;C:\Users\gonch\.m2\repository\com\squareup\okio\okio\1.14.0\okio-1.14.0.jar;C:\Users\gonch\.m2\repository\com\squareup\okhttp3\okhttp\3.12.13\okhttp-3.12.13.jar;C:\Users\gonch\.m2\repository\commons-lang\commons-lang\2.6\commons-lang-2.6.jar;C:\Users\gonch\.m2\repository\org\apache\commons\commons-compress\1.21\commons-compress-1.21.jar;C:\Users\gonch\.m2\repository\org\apache\httpcomponents\client5\httpclient5\5.1\httpclient5-5.1.jar;C:\Users\gonch\.m2\repository\org\apache\httpcomponents\core5\httpcore5\5.1.1\httpcore5-5.1.1.jar;C:\Users\gonch\.m2\repository\com\google\guava\guava\31.0.1-jre\guava-31.0.1-jre.jar;C:\Users\gonch\.m2\repository\com\google\guava\failureaccess\1.0.1\failureaccess-1.0.1.jar;C:\Users\gonch\.m2\repository\com\google\guava\listenablefuture\9999.0-empty-to-avoid-conflict-with-guava\listenablefuture-9999.0-empty-to-avoid-conflict-with-guava.jar;C:\Users\gonch\.m2\repository\com\google\code\findbugs\jsr305\3.0.2\jsr305-3.0.2.jar;C:\Users\gonch\.m2\repository\org\checkerframework\checker-qual\3.12.0\checker-qual-3.12.0.jar;C:\Users\gonch\.m2\repository\com\google\errorprone\error_prone_annotations\2.7.1\error_prone_annotations-2.7.1.jar;C:\Users\gonch\.m2\repository\com\google\j2objc\j2objc-annotations\1.3\j2objc-annotations-1.3.jar;C:\Users\gonch\.m2\repository\org\apache\commons\commons-lang3\3.12.0\commons-lang3-3.12.0.jar;C:\Users\gonch\.m2\repository\commons-io\commons-io\2.11.0\commons-io-2.11.0.jar;C:\Users\gonch\.m2\repository\org\slf4j\slf4j-api\1.7.32\slf4j-api-1.7.32.jar;C:\Users\gonch\.m2\repository\io\qameta\allure\allure-selenide\2.16.1\allure-selenide-2.16.1.jar;C:\Users\gonch\.m2\repository\io\qameta\allure\allure-java-commons\2.16.1\allure-java-commons-2.16.1.jar;C:\Users\gonch\.m2\repository\io\qameta\allure\allure-model\2.16.1\allure-model-2.16.1.jar;C:\Users\gonch\.m2\repository\io\github\bonigarcia\webdrivermanager\4.4.3\webdrivermanager-4.4.3.jar;C:\Users\gonch\.m2\repository\com\google\code\gson\gson\2.8.6\gson-2.8.6.jar;C:\Users\gonch\.m2\repository\org\rauschig\jarchivelib\1.1.0\jarchivelib-1.1.0.jar;C:\Users\gonch\.m2\repository\org\jsoup\jsoup\1.13.1\jsoup-1.13.1.jar;C:\Users\gonch\.m2\repository\org\junit\jupiter\junit-jupiter-api\5.8.1\junit-jupiter-api-5.8.1.jar;C:\Users\gonch\.m2\repository\org\junit\platform\junit-platform-commons\1.8.1\junit-platform-commons-1.8.1.jar;C:\Users\gonch\.m2\repository\org\apiguardian\apiguardian-api\1.1.2\apiguardian-api-1.1.2.jar;C:\Users\gonch\.m2\repository\org\junit\jupiter\junit-jupiter-engine\5.8.1\junit-jupiter-engine-5.8.1.jar;C:\Users\gonch\.m2\repository\org\junit\platform\junit-platform-engine\1.8.1\junit-platform-engine-1.8.1.jar;C:\Users\gonch\.m2\repository\org\slf4j\slf4j-simple\1.7.30\slf4j-simple-1.7.30.jar;C:\Users\gonch\.m2\repository\io\cucumber\cucumber-java\7.8.1\cucumber-java-7.8.1.jar;C:\Users\gonch\.m2\repository\org\junit\platform\junit-platform-runner\1.7.0\junit-platform-runner-1.7.0-sources.jar;C:\Users\gonch\.m2\repository\junit\junit\4.13\junit-4.13.jar;C:\Users\gonch\.m2\repository\org\hamcrest\hamcrest-core\1.3\hamcrest-core-1.3.jar;C:\Users\gonch\.m2\repository\org\junit\platform\junit-platform-suite-api\1.7.0\junit-platform-suite-api-1.7.0.jar;C:\Users\gonch\.m2\repository\io\cucumber\cucumber-junit\7.8.1\cucumber-junit-7.8.1.jar;C:\Users\gonch\.m2\repository\io\cucumber\cucumber-core\7.8.1\cucumber-core-7.8.1.jar;C:\Users\gonch\.m2\repository\io\cucumber\cucumber-gherkin\7.8.1\cucumber-gherkin-7.8.1.jar;C:\Users\gonch\.m2\repository\io\cucumber\cucumber-gherkin-messages\7.8.1\cucumber-gherkin-messages-7.8.1.jar;C:\Users\gonch\.m2\repository\io\cucumber\gherkin\24.0.0\gherkin-24.0.0.jar;C:\Users\gonch\.m2\repository\io\cucumber\messages\19.1.4\messages-19.1.4.jar;C:\Users\gonch\.m2\repository\io\cucumber\tag-expressions\4.1.0\tag-expressions-4.1.0.jar;C:\Users\gonch\.m2\repository\io\cucumber\cucumber-expressions\16.0.0\cucumber-expressions-16.0.0.jar;C:\Users\gonch\.m2\repository\io\cucumber\datatable\7.8.1\datatable-7.8.1.jar;C:\Users\gonch\.m2\repository\io\cucumber\cucumber-plugin\7.8.1\cucumber-plugin-7.8.1.jar;C:\Users\gonch\.m2\repository\io\cucumber\docstring\7.8.1\docstring-7.8.1.jar;C:\Users\gonch\.m2\repository\io\cucumber\html-formatter\20.1.0\html-formatter-20.1.0.jar;C:\Users\gonch\.m2\repository\io\cucumber\ci-environment\9.1.0\ci-environment-9.1.0.jar;C:\Users\gonch\.m2\repository\org\apache\poi\poi\5.2.2\poi-5.2.2.jar;C:\Users\gonch\.m2\repository\commons-codec\commons-codec\1.15\commons-codec-1.15.jar;C:\Users\gonch\.m2\repository\org\apache\commons\commons-collections4\4.4\commons-collections4-4.4.jar;C:\Users\gonch\.m2\repository\org\apache\commons\commons-math3\3.6.1\commons-math3-3.6.1.jar;C:\Users\gonch\.m2\repository\com\zaxxer\SparseBitSet\1.2\SparseBitSet-1.2.jar;C:\Users\gonch\.m2\repository\org\apache\logging\log4j\log4j-api\2.17.2\log4j-api-2.17.2.jar;C:\Users\gonch\.m2\repository\org\apache\logging\log4j\log4j-core\2.19.0\log4j-core-2.19.0.jar;C:\Users\gonch\.m2\repository\org\hamcrest\hamcrest\2.2\hamcrest-2.2.jar;C:\Users\gonch\.m2\repository\io\cucumber\cucumber-junit-platform-engine\7.8.1\cucumber-junit-platform-engine-7.8.1.jar;C:\Users\gonch\.m2\repository\org\projectlombok\lombok\1.18.24\lombok-1.18.24.jar;"/>
    <property name="java.vm.vendor" value="Amazon.com Inc."/>
    <property name="sun.arch.data.model" value="64"/>
    <property name="user.variant" value=""/>
    <property name="java.vendor.url" value="https://aws.amazon.com/corretto/"/>
    <property name="user.timezone" value="Europe/Moscow"/>
    <property name="os.name" value="Windows 10"/>
    <property name="java.vm.specification.version" value="18"/>
    <property name="sun.java.launcher" value="SUN_STANDARD"/>
    <property name="user.country" value="RU"/>
    <property name="sun.boot.library.path" value="C:\Users\gonch\.jdks\corretto-18.0.2\bin"/>
    <property name="sun.java.command" value="C:\Users\gonch\AppData\Local\Temp\surefire15812403624629361645\surefirebooter7850352076969589957.jar C:\Users\gonch\AppData\Local\Temp\surefire15812403624629361645 2023-02-10T12-48-25_710-jvmRun1 surefire1043107130343219898tmp surefire_015740952083283664934tmp"/>
    <property name="jdk.debug" value="release"/>
    <property name="surefire.test.class.path" value="C:\Users\gonch\IdeaProjects\try1\target\test-classes;C:\Users\gonch\IdeaProjects\try1\target\classes;C:\Users\gonch\.m2\repository\io\qameta\allure\allure-junit5\2.16.1\allure-junit5-2.16.1.jar;C:\Users\gonch\.m2\repository\io\qameta\allure\allure-junit-platform\2.16.1\allure-junit-platform-2.16.1.jar;C:\Users\gonch\.m2\repository\io\qameta\allure\allure-test-filter\2.16.1\allure-test-filter-2.16.1.jar;C:\Users\gonch\.m2\repository\org\junit\platform\junit-platform-launcher\1.8.1\junit-platform-launcher-1.8.1.jar;C:\Users\gonch\.m2\repository\com\codeborne\selenide\5.25.0\selenide-5.25.0.jar;C:\Users\gonch\.m2\repository\org\opentest4j\opentest4j\1.2.0\opentest4j-1.2.0.jar;C:\Users\gonch\.m2\repository\org\seleniumhq\selenium\selenium-java\3.141.59\selenium-java-3.141.59.jar;C:\Users\gonch\.m2\repository\org\seleniumhq\selenium\selenium-api\3.141.59\selenium-api-3.141.59.jar;C:\Users\gonch\.m2\repository\org\seleniumhq\selenium\selenium-chrome-driver\3.141.59\selenium-chrome-driver-3.141.59.jar;C:\Users\gonch\.m2\repository\org\seleniumhq\selenium\selenium-edge-driver\3.141.59\selenium-edge-driver-3.141.59.jar;C:\Users\gonch\.m2\repository\org\seleniumhq\selenium\selenium-firefox-driver\3.141.59\selenium-firefox-driver-3.141.59.jar;C:\Users\gonch\.m2\repository\org\seleniumhq\selenium\selenium-ie-driver\3.141.59\selenium-ie-driver-3.141.59.jar;C:\Users\gonch\.m2\repository\org\seleniumhq\selenium\selenium-opera-driver\3.141.59\selenium-opera-driver-3.141.59.jar;C:\Users\gonch\.m2\repository\org\seleniumhq\selenium\selenium-remote-driver\3.141.59\selenium-remote-driver-3.141.59.jar;C:\Users\gonch\.m2\repository\org\seleniumhq\selenium\selenium-safari-driver\3.141.59\selenium-safari-driver-3.141.59.jar;C:\Users\gonch\.m2\repository\org\seleniumhq\selenium\selenium-support\3.141.59\selenium-support-3.141.59.jar;C:\Users\gonch\.m2\repository\org\apache\commons\commons-exec\1.3\commons-exec-1.3.jar;C:\Users\gonch\.m2\repository\com\squareup\okio\okio\1.14.0\okio-1.14.0.jar;C:\Users\gonch\.m2\repository\com\squareup\okhttp3\okhttp\3.12.13\okhttp-3.12.13.jar;C:\Users\gonch\.m2\repository\commons-lang\commons-lang\2.6\commons-lang-2.6.jar;C:\Users\gonch\.m2\repository\org\apache\commons\commons-compress\1.21\commons-compress-1.21.jar;C:\Users\gonch\.m2\repository\org\apache\httpcomponents\client5\httpclient5\5.1\httpclient5-5.1.jar;C:\Users\gonch\.m2\repository\org\apache\httpcomponents\core5\httpcore5\5.1.1\httpcore5-5.1.1.jar;C:\Users\gonch\.m2\repository\com\google\guava\guava\31.0.1-jre\guava-31.0.1-jre.jar;C:\Users\gonch\.m2\repository\com\google\guava\failureaccess\1.0.1\failureaccess-1.0.1.jar;C:\Users\gonch\.m2\repository\com\google\guava\listenablefuture\9999.0-empty-to-avoid-conflict-with-guava\listenablefuture-9999.0-empty-to-avoid-conflict-with-guava.jar;C:\Users\gonch\.m2\repository\com\google\code\findbugs\jsr305\3.0.2\jsr305-3.0.2.jar;C:\Users\gonch\.m2\repository\org\checkerframework\checker-qual\3.12.0\checker-qual-3.12.0.jar;C:\Users\gonch\.m2\repository\com\google\errorprone\error_prone_annotations\2.7.1\error_prone_annotations-2.7.1.jar;C:\Users\gonch\.m2\repository\com\google\j2objc\j2objc-annotations\1.3\j2objc-annotations-1.3.jar;C:\Users\gonch\.m2\repository\org\apache\commons\commons-lang3\3.12.0\commons-lang3-3.12.0.jar;C:\Users\gonch\.m2\repository\commons-io\commons-io\2.11.0\commons-io-2.11.0.jar;C:\Users\gonch\.m2\repository\org\slf4j\slf4j-api\1.7.32\slf4j-api-1.7.32.jar;C:\Users\gonch\.m2\repository\io\qameta\allure\allure-selenide\2.16.1\allure-selenide-2.16.1.jar;C:\Users\gonch\.m2\repository\io\qameta\allure\allure-java-commons\2.16.1\allure-java-commons-2.16.1.jar;C:\Users\gonch\.m2\repository\io\qameta\allure\allure-model\2.16.1\allure-model-2.16.1.jar;C:\Users\gonch\.m2\repository\io\github\bonigarcia\webdrivermanager\4.4.3\webdrivermanager-4.4.3.jar;C:\Users\gonch\.m2\repository\com\google\code\gson\gson\2.8.6\gson-2.8.6.jar;C:\Users\gonch\.m2\repository\org\rauschig\jarchivelib\1.1.0\jarchivelib-1.1.0.jar;C:\Users\gonch\.m2\repository\org\jsoup\jsoup\1.13.1\jsoup-1.13.1.jar;C:\Users\gonch\.m2\repository\org\junit\jupiter\junit-jupiter-api\5.8.1\junit-jupiter-api-5.8.1.jar;C:\Users\gonch\.m2\repository\org\junit\platform\junit-platform-commons\1.8.1\junit-platform-commons-1.8.1.jar;C:\Users\gonch\.m2\repository\org\apiguardian\apiguardian-api\1.1.2\apiguardian-api-1.1.2.jar;C:\Users\gonch\.m2\repository\org\junit\jupiter\junit-jupiter-engine\5.8.1\junit-jupiter-engine-5.8.1.jar;C:\Users\gonch\.m2\repository\org\junit\platform\junit-platform-engine\1.8.1\junit-platform-engine-1.8.1.jar;C:\Users\gonch\.m2\repository\org\slf4j\slf4j-simple\1.7.30\slf4j-simple-1.7.30.jar;C:\Users\gonch\.m2\repository\io\cucumber\cucumber-java\7.8.1\cucumber-java-7.8.1.jar;C:\Users\gonch\.m2\repository\org\junit\platform\junit-platform-runner\1.7.0\junit-platform-runner-1.7.0-sources.jar;C:\Users\gonch\.m2\repository\junit\junit\4.13\junit-4.13.jar;C:\Users\gonch\.m2\repository\org\hamcrest\hamcrest-core\1.3\hamcrest-core-1.3.jar;C:\Users\gonch\.m2\repository\org\junit\platform\junit-platform-suite-api\1.7.0\junit-platform-suite-api-1.7.0.jar;C:\Users\gonch\.m2\repository\io\cucumber\cucumber-junit\7.8.1\cucumber-junit-7.8.1.jar;C:\Users\gonch\.m2\repository\io\cucumber\cucumber-core\7.8.1\cucumber-core-7.8.1.jar;C:\Users\gonch\.m2\repository\io\cucumber\cucumber-gherkin\7.8.1\cucumber-gherkin-7.8.1.jar;C:\Users\gonch\.m2\repository\io\cucumber\cucumber-gherkin-messages\7.8.1\cucumber-gherkin-messages-7.8.1.jar;C:\Users\gonch\.m2\repository\io\cucumber\gherkin\24.0.0\gherkin-24.0.0.jar;C:\Users\gonch\.m2\repository\io\cucumber\messages\19.1.4\messages-19.1.4.jar;C:\Users\gonch\.m2\repository\io\cucumber\tag-expressions\4.1.0\tag-expressions-4.1.0.jar;C:\Users\gonch\.m2\repository\io\cucumber\cucumber-expressions\16.0.0\cucumber-expressions-16.0.0.jar;C:\Users\gonch\.m2\repository\io\cucumber\datatable\7.8.1\datatable-7.8.1.jar;C:\Users\gonch\.m2\repository\io\cucumber\cucumber-plugin\7.8.1\cucumber-plugin-7.8.1.jar;C:\Users\gonch\.m2\repository\io\cucumber\docstring\7.8.1\docstring-7.8.1.jar;C:\Users\gonch\.m2\repository\io\cucumber\html-formatter\20.1.0\html-formatter-20.1.0.jar;C:\Users\gonch\.m2\repository\io\cucumber\ci-environment\9.1.0\ci-environment-9.1.0.jar;C:\Users\gonch\.m2\repository\org\apache\poi\poi\5.2.2\poi-5.2.2.jar;C:\Users\gonch\.m2\repository\commons-codec\commons-codec\1.15\commons-codec-1.15.jar;C:\Users\gonch\.m2\repository\org\apache\commons\commons-collections4\4.4\commons-collections4-4.4.jar;C:\Users\gonch\.m2\repository\org\apache\commons\commons-math3\3.6.1\commons-math3-3.6.1.jar;C:\Users\gonch\.m2\repository\com\zaxxer\SparseBitSet\1.2\SparseBitSet-1.2.jar;C:\Users\gonch\.m2\repository\org\apache\logging\log4j\log4j-api\2.17.2\log4j-api-2.17.2.jar;C:\Users\gonch\.m2\repository\org\apache\logging\log4j\log4j-core\2.19.0\log4j-core-2.19.0.jar;C:\Users\gonch\.m2\repository\org\hamcrest\hamcrest\2.2\hamcrest-2.2.jar;C:\Users\gonch\.m2\repository\io\cucumber\cucumber-junit-platform-engine\7.8.1\cucumber-junit-platform-engine-7.8.1.jar;C:\Users\gonch\.m2\repository\org\projectlombok\lombok\1.18.24\lombok-1.18.24.jar;"/>
    <property name="sun.cpu.endian" value="little"/>
    <property name="user.home" value="C:\Users\gonch"/>
    <property name="user.language" value="ru"/>
    <property name="java.specification.vendor" value="Oracle Corporation"/>
    <property name="java.version.date" value="2022-07-19"/>
    <property name="java.home" value="C:\Users\gonch\.jdks\corretto-18.0.2"/>
    <property name="file.separator" value="\"/>
    <property name="basedir" value="C:\Users\gonch\IdeaProjects\try1"/>
    <property name="java.vm.compressedOopsMode" value="Zero based"/>
    <property name="line.separator" value="&#10;"/>
    <property name="java.vm.specification.vendor" value="Oracle Corporation"/>
    <property name="java.specification.name" value="Java Platform API Specification"/>
    <property name="surefire.real.class.path" value="C:\Users\gonch\AppData\Local\Temp\surefire15812403624629361645\surefirebooter7850352076969589957.jar"/>
    <property name="user.script" value=""/>
    <property name="sun.management.compiler" value="HotSpot 64-Bit Tiered Compilers"/>
    <property name="java.runtime.version" value="18.0.2+9-FR"/>
    <property name="user.name" value="gonch"/>
    <property name="path.separator" value=";"/>
    <property name="os.version" value="10.0"/>
    <property name="java.runtime.name" value="OpenJDK Runtime Environment"/>
    <property name="file.encoding" value="UTF-8"/>
    <property name="java.vm.name" value="OpenJDK 64-Bit Server VM"/>
    <property name="java.vendor.version" value="Corretto-18.0.2.9.1"/>
    <property name="localRepository" value="C:\Users\gonch\.m2\repository"/>
    <property name="java.vendor.url.bug" value="https://github.com/corretto/corretto-18/issues/"/>
    <property name="java.io.tmpdir" value="C:\Users\gonch\AppData\Local\Temp\"/>
    <property name="idea.version" value="2022.3.1"/>
    <property name="java.version" value="18.0.2"/>
    <property name="user.dir" value="C:\Users\gonch\IdeaProjects\try1"/>
    <property name="os.arch" value="amd64"/>
    <property name="java.vm.specification.name" value="Java Virtual Machine Specification"/>
    <property name="sun.os.patch.level" value=""/>
    <property name="native.encoding" value="Cp1251"/>
    <property name="java.library.path" value="C:\Users\gonch\.jdks\corretto-18.0.2\bin;C:\Windows\Sun\Java\bin;C:\Windows\system32;C:\Windows;C:\Program Files\Microsoft MPI\Bin\;C:\ProgramData\Oracle\Java\javapath;C:\Windows\system32;C:\Windows;C:\Windows\System32\Wbem;C:\Windows\System32\WindowsPowerShell\v1.0\;C:\Windows\System32\OpenSSH\;C:\strawberry\c\bin;C:\strawberry\perl\bin;C:\Program Files\NVIDIA Corporation\NVIDIA NvDLISR;C:\Program Files (x86)\NVIDIA Corporation\PhysX\Common;C:\Program Files (x86)\dotnet\;C:\Program Files\WireGuard\;C:\Users\gonch\AppData\Local\Microsoft\WindowsApps;;C:\Program Files\JetBrains\IntelliJ IDEA Community Edition 2022.3.1\bin;;C:\Program Files\JetBrains\IntelliJ IDEA 2022.3.1\bin;;."/>
    <property name="java.vm.info" value="mixed mode, sharing"/>
    <property name="java.vendor" value="Amazon.com Inc."/>
    <property name="java.vm.version" value="18.0.2+9-FR"/>
    <property name="sun.io.unicode.encoding" value="UnicodeLittle"/>
    <property name="java.class.version" value="62.0"/>
  </properties>
  <testcase name="Создание Бизнес объекта" classname="Базовый функционал." time="2.933">
    <error message="unknown error: net::ERR_NAME_NOT_RESOLVED&#10;  (Session info: chrome=110.0.5481.78)&#10;Build info: version: &apos;3.141.59&apos;, revision: &apos;e82be7d358&apos;, time: &apos;2018-11-14T08:17:03&apos;&#10;System info: host: &apos;DESKTOP-44KA4E2&apos;, ip: &apos;10.20.33.86&apos;, os.name: &apos;Windows 10&apos;, os.arch: &apos;amd64&apos;, os.version: &apos;10.0&apos;, java.version: &apos;18.0.2&apos;&#10;Driver info: org.openqa.selenium.chrome.ChromeDriver&#10;Capabilities {acceptInsecureCerts: false, browserName: chrome, browserVersion: 110.0.5481.78, chrome: {chromedriverVersion: 110.0.5481.77 (65ed616c6e8e..., userDataDir: C:\Users\gonch\AppData\Loca...}, goog:chromeOptions: {debuggerAddress: localhost:55746}, javascriptEnabled: true, networkConnectionEnabled: false, pageLoadStrategy: normal, platform: WINDOWS, platformName: WINDOWS, proxy: Proxy(), setWindowRect: true, strictFileInteractability: false, timeouts: {implicit: 0, pageLoad: 300000, script: 30000}, unhandledPromptBehavior: dismiss and notify, webauthn:extension:credBlob: true, webauthn:extension:largeBlob: true, webauthn:virtualAuthenticators: true}&#10;Session ID: eda181170db71313973abb934547d35b" type="org.openqa.selenium.WebDriverException">org.openqa.selenium.WebDriverException: 
unknown error: net::ERR_NAME_NOT_RESOLVED
  (Session info: chrome=110.0.5481.78)
Build info: version: '3.141.59', revision: 'e82be7d358', time: '2018-11-14T08:17:03'
System info: host: 'DESKTOP-44KA4E2', ip: '10.20.33.86', os.name: 'Windows 10', os.arch: 'amd64', os.version: '10.0', java.version: '18.0.2'
Driver info: org.openqa.selenium.chrome.ChromeDriver
Capabilities {acceptInsecureCerts: false, browserName: chrome, browserVersion: 110.0.5481.78, chrome: {chromedriverVersion: 110.0.5481.77 (65ed616c6e8e..., userDataDir: C:\Users\gonch\AppData\Loca...}, goog:chromeOptions: {debuggerAddress: localhost:55746}, javascriptEnabled: true, networkConnectionEnabled: false, pageLoadStrategy: normal, platform: WINDOWS, platformName: WINDOWS, proxy: Proxy(), setWindowRect: true, strictFileInteractability: false, timeouts: {implicit: 0, pageLoad: 300000, script: 30000}, unhandledPromptBehavior: dismiss and notify, webauthn:extension:credBlob: true, webauthn:extension:largeBlob: true, webauthn:virtualAuthenticators: true}
Session ID: eda181170db71313973abb934547d35b
</error>
    <system-out><![CDATA[
@BasicCreation
Сценарий: Создание Бизнес объекта                      &amp#27;[90m# tests/BO-Table-Selection-Creation.feature:6&amp#27;[0m
  &amp#27;[31mДано &amp#27;[0m&amp#27;[31mАвторизовались в системе&amp#27;[0m                        &amp#27;[90m# t1.TablesSteps.авторизовалисьВСистеме()&amp#27;[0m
      &amp#27;[31morg.openqa.selenium.WebDriverException: unknown error: net::ERR_NAME_NOT_RESOLVED
  (Session info: chrome=110.0.5481.78)
Build info: version: '3.141.59', revision: 'e82be7d358', time: '2018-11-14T08:17:03'
System info: host: 'DESKTOP-44KA4E2', ip: '10.20.33.86', os.name: 'Windows 10', os.arch: 'amd64', os.version: '10.0', java.version: '18.0.2'
Driver info: org.openqa.selenium.chrome.ChromeDriver
Capabilities {acceptInsecureCerts: false, browserName: chrome, browserVersion: 110.0.5481.78, chrome: {chromedriverVersion: 110.0.5481.77 (65ed616c6e8e..., userDataDir: C:\Users\gonch\AppData\Loca...}, goog:chromeOptions: {debuggerAddress: localhost:55746}, javascriptEnabled: true, networkConnectionEnabled: false, pageLoadStrategy: normal, platform: WINDOWS, platformName: WINDOWS, proxy: Proxy(), setWindowRect: true, strictFileInteractability: false, timeouts: {implicit: 0, pageLoad: 300000, script: 30000}, unhandledPromptBehavior: dismiss and notify, webauthn:extension:credBlob: true, webauthn:extension:largeBlob: true, webauthn:virtualAuthenticators: true}
Session ID: eda181170db71313973abb934547d35b
	at java.base/jdk.internal.reflect.DirectConstructorHandleAccessor.newInstance(DirectConstructorHandleAccessor.java:67)
	at java.base/java.lang.reflect.Constructor.newInstanceWithCaller(Constructor.java:499)
	at java.base/java.lang.reflect.Constructor.newInstance(Constructor.java:483)
	at org.openqa.selenium.remote.http.W3CHttpResponseCodec.createException(W3CHttpResponseCodec.java:187)
	at org.openqa.selenium.remote.http.W3CHttpResponseCodec.decode(W3CHttpResponseCodec.java:122)
	at org.openqa.selenium.remote.http.W3CHttpResponseCodec.decode(W3CHttpResponseCodec.java:49)
	at org.openqa.selenium.remote.HttpCommandExecutor.execute(HttpCommandExecutor.java:158)
	at org.openqa.selenium.remote.service.DriverCommandExecutor.execute(DriverCommandExecutor.java:83)
	at org.openqa.selenium.remote.RemoteWebDriver.execute(RemoteWebDriver.java:552)
	at org.openqa.selenium.remote.RemoteWebDriver.get(RemoteWebDriver.java:277)
	at conf.Config.setDriverRequest(Config.java:37)
	at t1.TablesPageObject.OpenBasePage(TablesPageObject.java:12)
	at t1.TablesSteps.авторизовалисьВСистеме(TablesSteps.java:19)
	at ✽.Авторизовались в системе(classpath:tests/BO-Table-Selection-Creation.feature:7)
&amp#27;[0m
  &amp#27;[36mКогда &amp#27;[0m&amp#27;[36mОткрыта главная страница&amp#27;[0m                       &amp#27;[90m# t1.TablesSteps.открытаглавнаястраница()&amp#27;[0m
  &amp#27;[36mИ &amp#27;[0m&amp#27;[36mНажимаем на кнопку Модуль Аналитики&amp#27;[0m                &amp#27;[90m# t1.TablesSteps.нажимаемНаКнопкуМодульАналитики()&amp#27;[0m
  &amp#27;[36mИ &amp#27;[0m&amp#27;[36mнажимаем на кнопку Бизнес объекты&amp#27;[0m                  &amp#27;[90m# BusinessObjects.BOSteps.НажимаемНаКнопкуБизнесОбъекты()&amp#27;[0m
  &amp#27;[36mИ &amp#27;[0m&amp#27;[36mнажимаем на кнопку Создать конфигурацию&amp#27;[0m            &amp#27;[90m# BusinessObjects.BOSteps.нажимаемНаКнопкуСоздатьКонфигурацию()&amp#27;[0m
  &amp#27;[36mИ &amp#27;[0m&amp#27;[36mзаполняем имя бизнес-объекта: &amp#27;[0m&amp#27;[36m&amp#27;[1m"ATConfiguration"&amp#27;[0m    &amp#27;[90m# BusinessObjects.BOSteps.заполняемИмяБизнесОбъекта(java.lang.String)&amp#27;[0m
  &amp#27;[36mИ &amp#27;[0m&amp#27;[36mзаполняем описание бизнес-объекта: &amp#27;[0m&amp#27;[36m&amp#27;[1m"ATDescription"&amp#27;[0m &amp#27;[90m# BusinessObjects.BOSteps.заполняемОписаниеБизнесОбъекта(java.lang.String)&amp#27;[0m
  &amp#27;[36mИ &amp#27;[0m&amp#27;[36mзаполняем поле: &amp#27;[0m&amp#27;[36m&amp#27;[1m"Группа"&amp#27;[0m&amp#27;[36m, &amp#27;[0m&amp#27;[36m&amp#27;[1m"ROOT"&amp#27;[0m                   &amp#27;[90m# BusinessObjects.BOSteps.заполняемПоле(java.lang.String,java.lang.String)&amp#27;[0m
  &amp#27;[36mИ &amp#27;[0m&amp#27;[36mвыбираем состояние по умолчанию: &amp#27;[0m&amp#27;[36m&amp#27;[1m"ATState"&amp#27;[0m         &amp#27;[90m# BusinessObjects.BOSteps.выбираемСостояниеПоУмолчанию(java.lang.String)&amp#27;[0m
  &amp#27;[36mИ &amp#27;[0m&amp#27;[36mнажимаем ОК&amp#27;[0m                                        &amp#27;[90m# BusinessObjects.BOSteps.нажимаемОК()&amp#27;[0m
  &amp#27;[36mТогда &amp#27;[0m&amp#27;[36mконфигурация создана&amp#27;[0m                           &amp#27;[90m# BusinessObjects.BOSteps.конфигурацияСоздана()&amp#27;[0m
]]></system-out>
    <system-err><![CDATA[Starting ChromeDriver 110.0.5481.77 (65ed616c6e8ee3fe0ad64fe83796c020644d42af-refs/branch-heads/5481@{#839}) on port 47979
Only local connections are allowed.
Please see https://chromedriver.chromium.org/security-considerations for suggestions on keeping ChromeDriver safe.
ChromeDriver was started successfully.
[1676022508.502][WARNING]: virtual void DevToolsClientImpl::AddListener(DevToolsEventListener *) subscribing a listener to the already connected DevToolsClient. Connection notification will not arrive.
февр. 10, 2023 12:48:28 PM org.openqa.selenium.remote.ProtocolHandshake createSession
INFO: Detected dialect: W3C
]]></system-err>
  </testcase>
  <testcase name="Создание таблицы" classname="Базовый функционал." time="0.107">
    <failure message="Превышено максимальное время ожидания элемента&#10;no such element: Unable to locate element: {&quot;method&quot;:&quot;xpath&quot;,&quot;selector&quot;:&quot;//nz-tree-node-title [@title=&apos;Таблицы&apos;]&quot;}&#10;  (Session info: chrome=110.0.5481.78)&#10;For documentation on this error, please visit: https://www.seleniumhq.org/exceptions/no_such_element.html&#10;Build info: version: &apos;3.141.59&apos;, revision: &apos;e82be7d358&apos;, time: &apos;2018-11-14T08:17:03&apos;&#10;System info: host: &apos;DESKTOP-44KA4E2&apos;, ip: &apos;10.20.33.86&apos;, os.name: &apos;Windows 10&apos;, os.arch: &apos;amd64&apos;, os.version: &apos;10.0&apos;, java.version: &apos;18.0.2&apos;&#10;Driver info: org.openqa.selenium.chrome.ChromeDriver&#10;Capabilities {acceptInsecureCerts: false, browserName: chrome, browserVersion: 110.0.5481.78, chrome: {chromedriverVersion: 110.0.5481.77 (65ed616c6e8e..., userDataDir: C:\Users\gonch\AppData\Loca...}, goog:chromeOptions: {debuggerAddress: localhost:55746}, javascriptEnabled: true, networkConnectionEnabled: false, pageLoadStrategy: normal, platform: WINDOWS, platformName: WINDOWS, proxy: Proxy(), setWindowRect: true, strictFileInteractability: false, timeouts: {implicit: 0, pageLoad: 300000, script: 30000}, unhandledPromptBehavior: dismiss and notify, webauthn:extension:credBlob: true, webauthn:extension:largeBlob: true, webauthn:virtualAuthenticators: true}&#10;Session ID: eda181170db71313973abb934547d35b&#10;*** Element info: {Using=xpath, value=//nz-tree-node-title [@title=&apos;Таблицы&apos;]}" type="org.opentest4j.AssertionFailedError">org.opentest4j.AssertionFailedError: 
Превышено максимальное время ожидания элемента
no such element: Unable to locate element: {"method":"xpath","selector":"//nz-tree-node-title [@title='Таблицы']"}
  (Session info: chrome=110.0.5481.78)
For documentation on this error, please visit: https://www.seleniumhq.org/exceptions/no_such_element.html
Build info: version: '3.141.59', revision: 'e82be7d358', time: '2018-11-14T08:17:03'
System info: host: 'DESKTOP-44KA4E2', ip: '10.20.33.86', os.name: 'Windows 10', os.arch: 'amd64', os.version: '10.0', java.version: '18.0.2'
Driver info: org.openqa.selenium.chrome.ChromeDriver
Capabilities {acceptInsecureCerts: false, browserName: chrome, browserVersion: 110.0.5481.78, chrome: {chromedriverVersion: 110.0.5481.77 (65ed616c6e8e..., userDataDir: C:\Users\gonch\AppData\Loca...}, goog:chromeOptions: {debuggerAddress: localhost:55746}, javascriptEnabled: true, networkConnectionEnabled: false, pageLoadStrategy: normal, platform: WINDOWS, platformName: WINDOWS, proxy: Proxy(), setWindowRect: true, strictFileInteractability: false, timeouts: {implicit: 0, pageLoad: 300000, script: 30000}, unhandledPromptBehavior: dismiss and notify, webauthn:extension:credBlob: true, webauthn:extension:largeBlob: true, webauthn:virtualAuthenticators: true}
Session ID: eda181170db71313973abb934547d35b
*** Element info: {Using=xpath, value=//nz-tree-node-title [@title='Таблицы']}
</failure>
    <system-out><![CDATA[
@BasicCreation
Сценарий: Создание таблицы                          &amp#27;[90m# tests/BO-Table-Selection-Creation.feature:19&amp#27;[0m
  &amp#27;[31mИ &amp#27;[0m&amp#27;[31mНажимаем на кнопку Таблицы&amp#27;[0m                      &amp#27;[90m# t1.TablesSteps.нажимаемНаКнопкуТаблицы()&amp#27;[0m
      &amp#27;[31morg.opentest4j.AssertionFailedError: Превышено максимальное время ожидания элемента
no such element: Unable to locate element: {"method":"xpath","selector":"//nz-tree-node-title [@title='Таблицы']"}
  (Session info: chrome=110.0.5481.78)
For documentation on this error, please visit: https://www.seleniumhq.org/exceptions/no_such_element.html
Build info: version: '3.141.59', revision: 'e82be7d358', time: '2018-11-14T08:17:03'
System info: host: 'DESKTOP-44KA4E2', ip: '10.20.33.86', os.name: 'Windows 10', os.arch: 'amd64', os.version: '10.0', java.version: '18.0.2'
Driver info: org.openqa.selenium.chrome.ChromeDriver
Capabilities {acceptInsecureCerts: false, browserName: chrome, browserVersion: 110.0.5481.78, chrome: {chromedriverVersion: 110.0.5481.77 (65ed616c6e8e..., userDataDir: C:\Users\gonch\AppData\Loca...}, goog:chromeOptions: {debuggerAddress: localhost:55746}, javascriptEnabled: true, networkConnectionEnabled: false, pageLoadStrategy: normal, platform: WINDOWS, platformName: WINDOWS, proxy: Proxy(), setWindowRect: true, strictFileInteractability: false, timeouts: {implicit: 0, pageLoad: 300000, script: 30000}, unhandledPromptBehavior: dismiss and notify, webauthn:extension:credBlob: true, webauthn:extension:largeBlob: true, webauthn:virtualAuthenticators: true}
Session ID: eda181170db71313973abb934547d35b
*** Element info: {Using=xpath, value=//nz-tree-node-title [@title='Таблицы']}
	at org.junit.jupiter.api.AssertionUtils.fail(AssertionUtils.java:39)
	at org.junit.jupiter.api.Assertions.fail(Assertions.java:134)
	at conf.helpclass.CheckElementToBeClickable(helpclass.java:29)
	at conf.helpclass.clickElementClickable(helpclass.java:110)
	at t1.TablesPageObject.ClickTablesButton(TablesPageObject.java:26)
	at t1.TablesSteps.нажимаемНаКнопкуТаблицы(TablesSteps.java:33)
	at ✽.Нажимаем на кнопку Таблицы(classpath:tests/BO-Table-Selection-Creation.feature:20)
&amp#27;[0m
  &amp#27;[36mИ &amp#27;[0m&amp#27;[36mНажимаем на кнопку создания таблицы&amp#27;[0m             &amp#27;[90m# t1.TablesSteps.нажимаемНаКнопкуСозданияТаблицы()&amp#27;[0m
  &amp#27;[36mИ &amp#27;[0m&amp#27;[36mзаполняем название таблицы: &amp#27;[0m&amp#27;[36m&amp#27;[1m"attable109"&amp#27;[0m        &amp#27;[90m# t1.TablesSteps.заполняемНазваниеТаблицы(java.lang.String)&amp#27;[0m
  &amp#27;[36mИ &amp#27;[0m&amp#27;[36mзаполняем описание таблицы: &amp#27;[0m&amp#27;[36m&amp#27;[1m"111"&amp#27;[0m               &amp#27;[90m# t1.TablesSteps.заполняемОписаниеТаблицы(java.lang.String)&amp#27;[0m
  &amp#27;[36mИ &amp#27;[0m&amp#27;[36mзаполняем поле &amp#27;[0m&amp#27;[36m&amp#27;[1m"Группа таблицы"&amp#27;[0m&amp#27;[36m, &amp#27;[0m&amp#27;[36m&amp#27;[1m"ROOT"&amp#27;[0m         &amp#27;[90m# t1.TablesSteps.заполняемПоле(java.lang.String,java.lang.String)&amp#27;[0m
  &amp#27;[36mИ &amp#27;[0m&amp#27;[36mзаполняем поле &amp#27;[0m&amp#27;[36m&amp#27;[1m"Тип таблицы"&amp#27;[0m&amp#27;[36m, &amp#27;[0m&amp#27;[36m&amp#27;[1m"Вспомогательный"&amp#27;[0m &amp#27;[90m# t1.TablesSteps.заполняемПоле(java.lang.String,java.lang.String)&amp#27;[0m
  &amp#27;[36mИ &amp#27;[0m&amp#27;[36mнажать на кнопку добавления колонки&amp#27;[0m             &amp#27;[90m# t1.TablesSteps.нажатьНаКнопкуДобавленияКолонки()&amp#27;[0m
  &amp#27;[36mИ &amp#27;[0m&amp#27;[36mзаполнить название колонки: &amp#27;[0m&amp#27;[36m&amp#27;[1m"111"&amp#27;[0m               &amp#27;[90m# t1.TablesSteps.заполнитьНазваниеКолонки(java.lang.String)&amp#27;[0m
  &amp#27;[36mИ &amp#27;[0m&amp#27;[36mзаполнить значение по умолчанию &amp#27;[0m&amp#27;[36m&amp#27;[1m"112"&amp#27;[0m           &amp#27;[90m# t1.TablesSteps.заполнитьЗначениеПоУмолчанию(java.lang.String)&amp#27;[0m
  &amp#27;[36mИ &amp#27;[0m&amp#27;[36mзаполнить псевдоним &amp#27;[0m&amp#27;[36m&amp#27;[1m"111"&amp#27;[0m                       &amp#27;[90m# t1.TablesSteps.заполнитьПсевдоним(java.lang.String)&amp#27;[0m
  &amp#27;[36mИ &amp#27;[0m&amp#27;[36mзаполняем тип данных &amp#27;[0m&amp#27;[36m&amp#27;[1m"VARCHAR"&amp#27;[0m                  &amp#27;[90m# t1.TablesSteps.заполняемТипДанных(java.lang.String)&amp#27;[0m
  &amp#27;[36mИ &amp#27;[0m&amp#27;[36mзаполняем длину &amp#27;[0m&amp#27;[36m&amp#27;[1m"551"&amp#27;[0m                           &amp#27;[90m# t1.TablesSteps.заполняемДлину(java.lang.String)&amp#27;[0m
  &amp#27;[36mИ &amp#27;[0m&amp#27;[36mнажимаем кнопку Создать&amp#27;[0m                         &amp#27;[90m# t1.TablesSteps.нажимаемКнопкуСоздать()&amp#27;[0m
  &amp#27;[36mТогда &amp#27;[0m&amp#27;[36mСоздана таблица&amp#27;[0m                             &amp#27;[90m# t1.TablesSteps.созданаТаблица()&amp#27;[0m
]]></system-out>
  </testcase>
  <testcase name="Создание выборки" classname="Базовый функционал." time="0.129">
    <failure message="Превышено максимальное время ожидания элемента&#10;no such element: Unable to locate element: {&quot;method&quot;:&quot;xpath&quot;,&quot;selector&quot;:&quot;//nz-tree-node-title [@title=&apos;Выборки&apos;]&quot;}&#10;  (Session info: chrome=110.0.5481.78)&#10;For documentation on this error, please visit: https://www.seleniumhq.org/exceptions/no_such_element.html&#10;Build info: version: &apos;3.141.59&apos;, revision: &apos;e82be7d358&apos;, time: &apos;2018-11-14T08:17:03&apos;&#10;System info: host: &apos;DESKTOP-44KA4E2&apos;, ip: &apos;10.20.33.86&apos;, os.name: &apos;Windows 10&apos;, os.arch: &apos;amd64&apos;, os.version: &apos;10.0&apos;, java.version: &apos;18.0.2&apos;&#10;Driver info: org.openqa.selenium.chrome.ChromeDriver&#10;Capabilities {acceptInsecureCerts: false, browserName: chrome, browserVersion: 110.0.5481.78, chrome: {chromedriverVersion: 110.0.5481.77 (65ed616c6e8e..., userDataDir: C:\Users\gonch\AppData\Loca...}, goog:chromeOptions: {debuggerAddress: localhost:55746}, javascriptEnabled: true, networkConnectionEnabled: false, pageLoadStrategy: normal, platform: WINDOWS, platformName: WINDOWS, proxy: Proxy(), setWindowRect: true, strictFileInteractability: false, timeouts: {implicit: 0, pageLoad: 300000, script: 30000}, unhandledPromptBehavior: dismiss and notify, webauthn:extension:credBlob: true, webauthn:extension:largeBlob: true, webauthn:virtualAuthenticators: true}&#10;Session ID: eda181170db71313973abb934547d35b&#10;*** Element info: {Using=xpath, value=//nz-tree-node-title [@title=&apos;Выборки&apos;]}" type="org.opentest4j.AssertionFailedError">org.opentest4j.AssertionFailedError: 
Превышено максимальное время ожидания элемента
no such element: Unable to locate element: {"method":"xpath","selector":"//nz-tree-node-title [@title='Выборки']"}
  (Session info: chrome=110.0.5481.78)
For documentation on this error, please visit: https://www.seleniumhq.org/exceptions/no_such_element.html
Build info: version: '3.141.59', revision: 'e82be7d358', time: '2018-11-14T08:17:03'
System info: host: 'DESKTOP-44KA4E2', ip: '10.20.33.86', os.name: 'Windows 10', os.arch: 'amd64', os.version: '10.0', java.version: '18.0.2'
Driver info: org.openqa.selenium.chrome.ChromeDriver
Capabilities {acceptInsecureCerts: false, browserName: chrome, browserVersion: 110.0.5481.78, chrome: {chromedriverVersion: 110.0.5481.77 (65ed616c6e8e..., userDataDir: C:\Users\gonch\AppData\Loca...}, goog:chromeOptions: {debuggerAddress: localhost:55746}, javascriptEnabled: true, networkConnectionEnabled: false, pageLoadStrategy: normal, platform: WINDOWS, platformName: WINDOWS, proxy: Proxy(), setWindowRect: true, strictFileInteractability: false, timeouts: {implicit: 0, pageLoad: 300000, script: 30000}, unhandledPromptBehavior: dismiss and notify, webauthn:extension:credBlob: true, webauthn:extension:largeBlob: true, webauthn:virtualAuthenticators: true}
Session ID: eda181170db71313973abb934547d35b
*** Element info: {Using=xpath, value=//nz-tree-node-title [@title='Выборки']}
</failure>
    <system-out><![CDATA[
@BasicCreation
Сценарий: Создание выборки                              &amp#27;[90m# tests/BO-Table-Selection-Creation.feature:35&amp#27;[0m
  &amp#27;[31mИ &amp#27;[0m&amp#27;[31mНажимаем на кнопку Выборки&amp#27;[0m                          &amp#27;[90m# Selections.SelectionsSteps.нажимаемНаКнопкуВыборки()&amp#27;[0m
      &amp#27;[31morg.opentest4j.AssertionFailedError: Превышено максимальное время ожидания элемента
no such element: Unable to locate element: {"method":"xpath","selector":"//nz-tree-node-title [@title='Выборки']"}
  (Session info: chrome=110.0.5481.78)
For documentation on this error, please visit: https://www.seleniumhq.org/exceptions/no_such_element.html
Build info: version: '3.141.59', revision: 'e82be7d358', time: '2018-11-14T08:17:03'
System info: host: 'DESKTOP-44KA4E2', ip: '10.20.33.86', os.name: 'Windows 10', os.arch: 'amd64', os.version: '10.0', java.version: '18.0.2'
Driver info: org.openqa.selenium.chrome.ChromeDriver
Capabilities {acceptInsecureCerts: false, browserName: chrome, browserVersion: 110.0.5481.78, chrome: {chromedriverVersion: 110.0.5481.77 (65ed616c6e8e..., userDataDir: C:\Users\gonch\AppData\Loca...}, goog:chromeOptions: {debuggerAddress: localhost:55746}, javascriptEnabled: true, networkConnectionEnabled: false, pageLoadStrategy: normal, platform: WINDOWS, platformName: WINDOWS, proxy: Proxy(), setWindowRect: true, strictFileInteractability: false, timeouts: {implicit: 0, pageLoad: 300000, script: 30000}, unhandledPromptBehavior: dismiss and notify, webauthn:extension:credBlob: true, webauthn:extension:largeBlob: true, webauthn:virtualAuthenticators: true}
Session ID: eda181170db71313973abb934547d35b
*** Element info: {Using=xpath, value=//nz-tree-node-title [@title='Выборки']}
	at org.junit.jupiter.api.AssertionUtils.fail(AssertionUtils.java:39)
	at org.junit.jupiter.api.Assertions.fail(Assertions.java:134)
	at conf.helpclass.CheckElementToBeClickable(helpclass.java:29)
	at conf.helpclass.clickElementClickable(helpclass.java:110)
	at Selections.SelectionsPageObject.ClickSelectionButton(SelectionsPageObject.java:10)
	at Selections.SelectionsSteps.нажимаемНаКнопкуВыборки(SelectionsSteps.java:11)
	at ✽.Нажимаем на кнопку Выборки(classpath:tests/BO-Table-Selection-Creation.feature:36)
&amp#27;[0m
  &amp#27;[36mИ &amp#27;[0m&amp#27;[36mнажимаем на кнопку создания выборки&amp#27;[0m                 &amp#27;[90m# Selections.SelectionsSteps.нажимаемНаКнопкуСозданияВыборки()&amp#27;[0m
  &amp#27;[36mИ &amp#27;[0m&amp#27;[36mзаполняем имя выборки: &amp#27;[0m&amp#27;[36m&amp#27;[1m"ATselection"&amp#27;[0m                &amp#27;[90m# Selections.SelectionsSteps.заполняемИмяВыборки(java.lang.String)&amp#27;[0m
  &amp#27;[36mИ &amp#27;[0m&amp#27;[36mзаполняем описание выборки: &amp#27;[0m&amp#27;[36m&amp#27;[1m"ATselect"&amp#27;[0m              &amp#27;[90m# Selections.SelectionsSteps.заполняемОписаниеВыборки(java.lang.String)&amp#27;[0m
  &amp#27;[36mИ &amp#27;[0m&amp#27;[36mзаполняем поля: &amp#27;[0m&amp#27;[36m&amp#27;[1m"Группа"&amp#27;[0m&amp#27;[36m, &amp#27;[0m&amp#27;[36m&amp#27;[1m"ROOT"&amp#27;[0m                    &amp#27;[90m# Selections.SelectionsSteps.заполняемПоля(java.lang.String,java.lang.String)&amp#27;[0m
  &amp#27;[36mИ &amp#27;[0m&amp#27;[36mнажимаем на выбор из таблиц&amp#27;[0m                         &amp#27;[90m# Selections.SelectionsSteps.нажимаемНаВыборИзТаблиц()&amp#27;[0m
  &amp#27;[36mИ &amp#27;[0m&amp#27;[36mвыбираем таблицу для выборки: &amp#27;[0m&amp#27;[36m&amp#27;[1m"Table"&amp#27;[0m&amp#27;[36m, &amp#27;[0m&amp#27;[36m&amp#27;[1m"attable109"&amp#27;[0m &amp#27;[90m# Selections.SelectionsSteps.выбираемТаблицуДляВыборки(java.lang.String,java.lang.String)&amp#27;[0m
  &amp#27;[36mИ &amp#27;[0m&amp#27;[36mдобавляем индекс: &amp#27;[0m&amp#27;[36m&amp#27;[1m"attable"&amp#27;[0m                         &amp#27;[90m# Selections.SelectionsSteps.добавляемИндекс(java.lang.String)&amp#27;[0m
  &amp#27;[36mИ &amp#27;[0m&amp#27;[36mнажимаем кнопку Save&amp#27;[0m                                &amp#27;[90m# Selections.SelectionsSteps.нажимаемКнопкуSave()&amp#27;[0m
  &amp#27;[36mИ &amp#27;[0m&amp#27;[36mнажимаем на кнопку выбора&amp#27;[0m                           &amp#27;[90m# Selections.SelectionsSteps.нажимаемНаКнопкуВыбора()&amp#27;[0m
  &amp#27;[36mИ &amp#27;[0m&amp#27;[36mнажимаем выбор таблицы: &amp#27;[0m&amp#27;[36m&amp#27;[1m"Table"&amp#27;[0m&amp#27;[36m, &amp#27;[0m&amp#27;[36m&amp#27;[1m"attable"&amp#27;[0m          &amp#27;[90m# Selections.SelectionsSteps.нажимаемВыборТаблицы(java.lang.String,java.lang.String)&amp#27;[0m
  &amp#27;[36mИ &amp#27;[0m&amp#27;[36mнажимаем выбор колонки: &amp#27;[0m&amp#27;[36m&amp#27;[1m"Column"&amp#27;[0m&amp#27;[36m, &amp#27;[0m&amp#27;[36m&amp#27;[1m"id"&amp#27;[0m              &amp#27;[90m# Selections.SelectionsSteps.нажимаемВыборКолонки(java.lang.String,java.lang.String)&amp#27;[0m
  &amp#27;[36mИ &amp#27;[0m&amp#27;[36mдобавляем индекс колонки: &amp#27;[0m&amp#27;[36m&amp#27;[1m"attableid"&amp#27;[0m               &amp#27;[90m# Selections.SelectionsSteps.добавляемИндексКолонки(java.lang.String)&amp#27;[0m
  &amp#27;[36mИ &amp#27;[0m&amp#27;[36mнажимаем кнопку сохранить&amp#27;[0m                           &amp#27;[90m# Selections.SelectionsSteps.нажимаемКнопкуСохранить()&amp#27;[0m
  &amp#27;[36mИ &amp#27;[0m&amp#27;[36mнажимаем кнопку ОК&amp#27;[0m                                  &amp#27;[90m# Selections.SelectionsSteps.нажимаемКнопкуОК()&amp#27;[0m
  &amp#27;[36mТогда &amp#27;[0m&amp#27;[36mвыборка создана&amp#27;[0m                                 &amp#27;[90m# Selections.SelectionsSteps.выборкаСоздана()&amp#27;[0m
]]></system-out>
  </testcase>
  <testcase name="Редактирование конфигурации БО" classname="Базовый функционал." time="0.126">
    <error message="unknown error: net::ERR_NAME_NOT_RESOLVED&#10;  (Session info: chrome=110.0.5481.78)&#10;Build info: version: &apos;3.141.59&apos;, revision: &apos;e82be7d358&apos;, time: &apos;2018-11-14T08:17:03&apos;&#10;System info: host: &apos;DESKTOP-44KA4E2&apos;, ip: &apos;10.20.33.86&apos;, os.name: &apos;Windows 10&apos;, os.arch: &apos;amd64&apos;, os.version: &apos;10.0&apos;, java.version: &apos;18.0.2&apos;&#10;Driver info: org.openqa.selenium.chrome.ChromeDriver&#10;Capabilities {acceptInsecureCerts: false, browserName: chrome, browserVersion: 110.0.5481.78, chrome: {chromedriverVersion: 110.0.5481.77 (65ed616c6e8e..., userDataDir: C:\Users\gonch\AppData\Loca...}, goog:chromeOptions: {debuggerAddress: localhost:55746}, javascriptEnabled: true, networkConnectionEnabled: false, pageLoadStrategy: normal, platform: WINDOWS, platformName: WINDOWS, proxy: Proxy(), setWindowRect: true, strictFileInteractability: false, timeouts: {implicit: 0, pageLoad: 300000, script: 30000}, unhandledPromptBehavior: dismiss and notify, webauthn:extension:credBlob: true, webauthn:extension:largeBlob: true, webauthn:virtualAuthenticators: true}&#10;Session ID: eda181170db71313973abb934547d35b" type="org.openqa.selenium.WebDriverException">org.openqa.selenium.WebDriverException: 
unknown error: net::ERR_NAME_NOT_RESOLVED
  (Session info: chrome=110.0.5481.78)
Build info: version: '3.141.59', revision: 'e82be7d358', time: '2018-11-14T08:17:03'
System info: host: 'DESKTOP-44KA4E2', ip: '10.20.33.86', os.name: 'Windows 10', os.arch: 'amd64', os.version: '10.0', java.version: '18.0.2'
Driver info: org.openqa.selenium.chrome.ChromeDriver
Capabilities {acceptInsecureCerts: false, browserName: chrome, browserVersion: 110.0.5481.78, chrome: {chromedriverVersion: 110.0.5481.77 (65ed616c6e8e..., userDataDir: C:\Users\gonch\AppData\Loca...}, goog:chromeOptions: {debuggerAddress: localhost:55746}, javascriptEnabled: true, networkConnectionEnabled: false, pageLoadStrategy: normal, platform: WINDOWS, platformName: WINDOWS, proxy: Proxy(), setWindowRect: true, strictFileInteractability: false, timeouts: {implicit: 0, pageLoad: 300000, script: 30000}, unhandledPromptBehavior: dismiss and notify, webauthn:extension:credBlob: true, webauthn:extension:largeBlob: true, webauthn:virtualAuthenticators: true}
Session ID: eda181170db71313973abb934547d35b
</error>
    <system-out><![CDATA[
@BasicEdit
Сценарий: Редактирование конфигурации БО                                             &amp#27;[90m# tests/BO-Table-Selection-Edit.feature:6&amp#27;[0m
  &amp#27;[31mДано &amp#27;[0m&amp#27;[31mАвторизовались в системе&amp#27;[0m                                                      &amp#27;[90m# t1.TablesSteps.авторизовалисьВСистеме()&amp#27;[0m
      &amp#27;[31morg.openqa.selenium.WebDriverException: unknown error: net::ERR_NAME_NOT_RESOLVED
  (Session info: chrome=110.0.5481.78)
Build info: version: '3.141.59', revision: 'e82be7d358', time: '2018-11-14T08:17:03'
System info: host: 'DESKTOP-44KA4E2', ip: '10.20.33.86', os.name: 'Windows 10', os.arch: 'amd64', os.version: '10.0', java.version: '18.0.2'
Driver info: org.openqa.selenium.chrome.ChromeDriver
Capabilities {acceptInsecureCerts: false, browserName: chrome, browserVersion: 110.0.5481.78, chrome: {chromedriverVersion: 110.0.5481.77 (65ed616c6e8e..., userDataDir: C:\Users\gonch\AppData\Loca...}, goog:chromeOptions: {debuggerAddress: localhost:55746}, javascriptEnabled: true, networkConnectionEnabled: false, pageLoadStrategy: normal, platform: WINDOWS, platformName: WINDOWS, proxy: Proxy(), setWindowRect: true, strictFileInteractability: false, timeouts: {implicit: 0, pageLoad: 300000, script: 30000}, unhandledPromptBehavior: dismiss and notify, webauthn:extension:credBlob: true, webauthn:extension:largeBlob: true, webauthn:virtualAuthenticators: true}
Session ID: eda181170db71313973abb934547d35b
	at java.base/jdk.internal.reflect.DirectConstructorHandleAccessor.newInstance(DirectConstructorHandleAccessor.java:67)
	at java.base/java.lang.reflect.Constructor.newInstanceWithCaller(Constructor.java:499)
	at java.base/java.lang.reflect.Constructor.newInstance(Constructor.java:483)
	at org.openqa.selenium.remote.http.W3CHttpResponseCodec.createException(W3CHttpResponseCodec.java:187)
	at org.openqa.selenium.remote.http.W3CHttpResponseCodec.decode(W3CHttpResponseCodec.java:122)
	at org.openqa.selenium.remote.http.W3CHttpResponseCodec.decode(W3CHttpResponseCodec.java:49)
	at org.openqa.selenium.remote.HttpCommandExecutor.execute(HttpCommandExecutor.java:158)
	at org.openqa.selenium.remote.service.DriverCommandExecutor.execute(DriverCommandExecutor.java:83)
	at org.openqa.selenium.remote.RemoteWebDriver.execute(RemoteWebDriver.java:552)
	at org.openqa.selenium.remote.RemoteWebDriver.get(RemoteWebDriver.java:277)
	at conf.Config.setDriverRequest(Config.java:37)
	at t1.TablesPageObject.OpenBasePage(TablesPageObject.java:12)
	at t1.TablesSteps.авторизовалисьВСистеме(TablesSteps.java:19)
	at ✽.Авторизовались в системе(classpath:tests/BO-Table-Selection-Edit.feature:7)
&amp#27;[0m
  &amp#27;[36mКогда &amp#27;[0m&amp#27;[36mОткрыта главная страница&amp#27;[0m                                                     &amp#27;[90m# t1.TablesSteps.открытаглавнаястраница()&amp#27;[0m
  &amp#27;[36mИ &amp#27;[0m&amp#27;[36mНажимаем на кнопку Модуль Аналитики&amp#27;[0m                                              &amp#27;[90m# t1.TablesSteps.нажимаемНаКнопкуМодульАналитики()&amp#27;[0m
  &amp#27;[36mИ &amp#27;[0m&amp#27;[36mнажимаем на кнопку Бизнес объекты&amp#27;[0m                                                &amp#27;[90m# BusinessObjects.BOSteps.НажимаемНаКнопкуБизнесОбъекты()&amp#27;[0m
  &amp#27;[36mИ &amp#27;[0m&amp#27;[36mнажимаем на уже созданную конфигурацию &amp#27;[0m&amp#27;[36m&amp#27;[1m"ATConfiguration"&amp#27;[0m                         &amp#27;[90m# BusinessObjects.BOSteps.нажимаемНаУжеСозданнуюКонфигурацию(java.lang.String)&amp#27;[0m
  &amp#27;[36mИ &amp#27;[0m&amp#27;[36mнажимаем на кнопку Редактировать конфигурацию&amp#27;[0m                                    &amp#27;[90m# BusinessObjects.BOSteps.нажимаемНаКнопкуРедактироватьКонфигурацию()&amp#27;[0m
  &amp#27;[36mИ &amp#27;[0m&amp#27;[36mнажимаем на поле &amp#27;[0m&amp#27;[36m&amp#27;[1m"Имя конфигурации"&amp#27;[0m&amp#27;[36m и изменяем название конфигурации на &amp#27;[0m&amp#27;[36m&amp#27;[1m"ATconf"&amp#27;[0m &amp#27;[90m# BusinessObjects.BOSteps.нажимаемНаПолеИИзменяемНазваниеКонфигурацииНа(java.lang.String,java.lang.String)&amp#27;[0m
  &amp#27;[36mИ &amp#27;[0m&amp#27;[36mнажимаем Сохранить&amp#27;[0m                                                               &amp#27;[90m# BusinessObjects.BOSteps.нажимаемСохранить()&amp#27;[0m
  &amp#27;[36mТогда &amp#27;[0m&amp#27;[36mконфигурация БО изменена&amp#27;[0m                                                     &amp#27;[90m# BusinessObjects.BOSteps.конфигурацияБОИзменена()&amp#27;[0m
]]></system-out>
  </testcase>
  <testcase name="Редактирование выборки" classname="Базовый функционал." time="0.128">
    <failure message="Превышено максимальное время ожидания элемента&#10;no such element: Unable to locate element: {&quot;method&quot;:&quot;xpath&quot;,&quot;selector&quot;:&quot;//nz-tree-node-title [@title=&apos;Выборки&apos;]&quot;}&#10;  (Session info: chrome=110.0.5481.78)&#10;For documentation on this error, please visit: https://www.seleniumhq.org/exceptions/no_such_element.html&#10;Build info: version: &apos;3.141.59&apos;, revision: &apos;e82be7d358&apos;, time: &apos;2018-11-14T08:17:03&apos;&#10;System info: host: &apos;DESKTOP-44KA4E2&apos;, ip: &apos;10.20.33.86&apos;, os.name: &apos;Windows 10&apos;, os.arch: &apos;amd64&apos;, os.version: &apos;10.0&apos;, java.version: &apos;18.0.2&apos;&#10;Driver info: org.openqa.selenium.chrome.ChromeDriver&#10;Capabilities {acceptInsecureCerts: false, browserName: chrome, browserVersion: 110.0.5481.78, chrome: {chromedriverVersion: 110.0.5481.77 (65ed616c6e8e..., userDataDir: C:\Users\gonch\AppData\Loca...}, goog:chromeOptions: {debuggerAddress: localhost:55746}, javascriptEnabled: true, networkConnectionEnabled: false, pageLoadStrategy: normal, platform: WINDOWS, platformName: WINDOWS, proxy: Proxy(), setWindowRect: true, strictFileInteractability: false, timeouts: {implicit: 0, pageLoad: 300000, script: 30000}, unhandledPromptBehavior: dismiss and notify, webauthn:extension:credBlob: true, webauthn:extension:largeBlob: true, webauthn:virtualAuthenticators: true}&#10;Session ID: eda181170db71313973abb934547d35b&#10;*** Element info: {Using=xpath, value=//nz-tree-node-title [@title=&apos;Выборки&apos;]}" type="org.opentest4j.AssertionFailedError">org.opentest4j.AssertionFailedError: 
Превышено максимальное время ожидания элемента
no such element: Unable to locate element: {"method":"xpath","selector":"//nz-tree-node-title [@title='Выборки']"}
  (Session info: chrome=110.0.5481.78)
For documentation on this error, please visit: https://www.seleniumhq.org/exceptions/no_such_element.html
Build info: version: '3.141.59', revision: 'e82be7d358', time: '2018-11-14T08:17:03'
System info: host: 'DESKTOP-44KA4E2', ip: '10.20.33.86', os.name: 'Windows 10', os.arch: 'amd64', os.version: '10.0', java.version: '18.0.2'
Driver info: org.openqa.selenium.chrome.ChromeDriver
Capabilities {acceptInsecureCerts: false, browserName: chrome, browserVersion: 110.0.5481.78, chrome: {chromedriverVersion: 110.0.5481.77 (65ed616c6e8e..., userDataDir: C:\Users\gonch\AppData\Loca...}, goog:chromeOptions: {debuggerAddress: localhost:55746}, javascriptEnabled: true, networkConnectionEnabled: false, pageLoadStrategy: normal, platform: WINDOWS, platformName: WINDOWS, proxy: Proxy(), setWindowRect: true, strictFileInteractability: false, timeouts: {implicit: 0, pageLoad: 300000, script: 30000}, unhandledPromptBehavior: dismiss and notify, webauthn:extension:credBlob: true, webauthn:extension:largeBlob: true, webauthn:virtualAuthenticators: true}
Session ID: eda181170db71313973abb934547d35b
*** Element info: {Using=xpath, value=//nz-tree-node-title [@title='Выборки']}
</failure>
    <system-out><![CDATA[
@BasicEdit
Сценарий: Редактирование выборки                                             &amp#27;[90m# tests/BO-Table-Selection-Edit.feature:25&amp#27;[0m
  &amp#27;[31mИ &amp#27;[0m&amp#27;[31mНажимаем на кнопку Выборки&amp#27;[0m                                               &amp#27;[90m# Selections.SelectionsSteps.нажимаемНаКнопкуВыборки()&amp#27;[0m
      &amp#27;[31morg.opentest4j.AssertionFailedError: Превышено максимальное время ожидания элемента
no such element: Unable to locate element: {"method":"xpath","selector":"//nz-tree-node-title [@title='Выборки']"}
  (Session info: chrome=110.0.5481.78)
For documentation on this error, please visit: https://www.seleniumhq.org/exceptions/no_such_element.html
Build info: version: '3.141.59', revision: 'e82be7d358', time: '2018-11-14T08:17:03'
System info: host: 'DESKTOP-44KA4E2', ip: '10.20.33.86', os.name: 'Windows 10', os.arch: 'amd64', os.version: '10.0', java.version: '18.0.2'
Driver info: org.openqa.selenium.chrome.ChromeDriver
Capabilities {acceptInsecureCerts: false, browserName: chrome, browserVersion: 110.0.5481.78, chrome: {chromedriverVersion: 110.0.5481.77 (65ed616c6e8e..., userDataDir: C:\Users\gonch\AppData\Loca...}, goog:chromeOptions: {debuggerAddress: localhost:55746}, javascriptEnabled: true, networkConnectionEnabled: false, pageLoadStrategy: normal, platform: WINDOWS, platformName: WINDOWS, proxy: Proxy(), setWindowRect: true, strictFileInteractability: false, timeouts: {implicit: 0, pageLoad: 300000, script: 30000}, unhandledPromptBehavior: dismiss and notify, webauthn:extension:credBlob: true, webauthn:extension:largeBlob: true, webauthn:virtualAuthenticators: true}
Session ID: eda181170db71313973abb934547d35b
*** Element info: {Using=xpath, value=//nz-tree-node-title [@title='Выборки']}
	at org.junit.jupiter.api.AssertionUtils.fail(AssertionUtils.java:39)
	at org.junit.jupiter.api.Assertions.fail(Assertions.java:134)
	at conf.helpclass.CheckElementToBeClickable(helpclass.java:29)
	at conf.helpclass.clickElementClickable(helpclass.java:110)
	at Selections.SelectionsPageObject.ClickSelectionButton(SelectionsPageObject.java:10)
	at Selections.SelectionsSteps.нажимаемНаКнопкуВыборки(SelectionsSteps.java:11)
	at ✽.Нажимаем на кнопку Выборки(classpath:tests/BO-Table-Selection-Edit.feature:26)
&amp#27;[0m
  &amp#27;[36mИ &amp#27;[0m&amp#27;[36mНажимаем на необходимую выборку &amp#27;[0m&amp#27;[36m&amp#27;[1m"ATselection"&amp#27;[0m                            &amp#27;[90m# Selections.SelectionsSteps.нажимаемНаНеобходимуюВыборку(java.lang.String)&amp#27;[0m
  &amp#27;[36mИ &amp#27;[0m&amp#27;[36mнажимаем кнопку Редактировать выборку&amp#27;[0m                                    &amp#27;[90m# Selections.SelectionsSteps.нажимаемКнопкуРедактироватьВыборку()&amp#27;[0m
  &amp#27;[36mИ &amp#27;[0m&amp#27;[36mнажимаем на поле &amp#27;[0m&amp#27;[36m&amp#27;[1m"Имя выборки"&amp#27;[0m&amp#27;[36m и изменяем название выборки на &amp#27;[0m&amp#27;[36m&amp#27;[1m"ATselect"&amp#27;[0m &amp#27;[90m# Selections.SelectionsSteps.нажимаемНаПолеИИзменяемНазваниеВыборкиНа(java.lang.String,java.lang.String)&amp#27;[0m
  &amp#27;[36mИ &amp#27;[0m&amp#27;[36mнажимаем ОК&amp#27;[0m                                                              &amp#27;[90m# BusinessObjects.BOSteps.нажимаемОК()&amp#27;[0m
  &amp#27;[36mТогда &amp#27;[0m&amp#27;[36mвыборка изменена&amp#27;[0m                                                     &amp#27;[90m# Selections.SelectionsSteps.выборкаИзменена()&amp#27;[0m
]]></system-out>
  </testcase>
  <testcase name="Удаление выборки" classname="Базовый функционал." time="0.153">
    <error message="unknown error: net::ERR_NAME_NOT_RESOLVED&#10;  (Session info: chrome=110.0.5481.78)&#10;Build info: version: &apos;3.141.59&apos;, revision: &apos;e82be7d358&apos;, time: &apos;2018-11-14T08:17:03&apos;&#10;System info: host: &apos;DESKTOP-44KA4E2&apos;, ip: &apos;10.20.33.86&apos;, os.name: &apos;Windows 10&apos;, os.arch: &apos;amd64&apos;, os.version: &apos;10.0&apos;, java.version: &apos;18.0.2&apos;&#10;Driver info: org.openqa.selenium.chrome.ChromeDriver&#10;Capabilities {acceptInsecureCerts: false, browserName: chrome, browserVersion: 110.0.5481.78, chrome: {chromedriverVersion: 110.0.5481.77 (65ed616c6e8e..., userDataDir: C:\Users\gonch\AppData\Loca...}, goog:chromeOptions: {debuggerAddress: localhost:55746}, javascriptEnabled: true, networkConnectionEnabled: false, pageLoadStrategy: normal, platform: WINDOWS, platformName: WINDOWS, proxy: Proxy(), setWindowRect: true, strictFileInteractability: false, timeouts: {implicit: 0, pageLoad: 300000, script: 30000}, unhandledPromptBehavior: dismiss and notify, webauthn:extension:credBlob: true, webauthn:extension:largeBlob: true, webauthn:virtualAuthenticators: true}&#10;Session ID: eda181170db71313973abb934547d35b" type="org.openqa.selenium.WebDriverException">org.openqa.selenium.WebDriverException: 
unknown error: net::ERR_NAME_NOT_RESOLVED
  (Session info: chrome=110.0.5481.78)
Build info: version: '3.141.59', revision: 'e82be7d358', time: '2018-11-14T08:17:03'
System info: host: 'DESKTOP-44KA4E2', ip: '10.20.33.86', os.name: 'Windows 10', os.arch: 'amd64', os.version: '10.0', java.version: '18.0.2'
Driver info: org.openqa.selenium.chrome.ChromeDriver
Capabilities {acceptInsecureCerts: false, browserName: chrome, browserVersion: 110.0.5481.78, chrome: {chromedriverVersion: 110.0.5481.77 (65ed616c6e8e..., userDataDir: C:\Users\gonch\AppData\Loca...}, goog:chromeOptions: {debuggerAddress: localhost:55746}, javascriptEnabled: true, networkConnectionEnabled: false, pageLoadStrategy: normal, platform: WINDOWS, platformName: WINDOWS, proxy: Proxy(), setWindowRect: true, strictFileInteractability: false, timeouts: {implicit: 0, pageLoad: 300000, script: 30000}, unhandledPromptBehavior: dismiss and notify, webauthn:extension:credBlob: true, webauthn:extension:largeBlob: true, webauthn:virtualAuthenticators: true}
Session ID: eda181170db71313973abb934547d35b
</error>
    <system-out><![CDATA[
@BasicDelete
Сценарий: Удаление выборки                     &amp#27;[90m# tests/BO-Table-Selection-EditDelete.feature:6&amp#27;[0m
  &amp#27;[31mДано &amp#27;[0m&amp#27;[31mАвторизовались в системе&amp#27;[0m                &amp#27;[90m# t1.TablesSteps.авторизовалисьВСистеме()&amp#27;[0m
      &amp#27;[31morg.openqa.selenium.WebDriverException: unknown error: net::ERR_NAME_NOT_RESOLVED
  (Session info: chrome=110.0.5481.78)
Build info: version: '3.141.59', revision: 'e82be7d358', time: '2018-11-14T08:17:03'
System info: host: 'DESKTOP-44KA4E2', ip: '10.20.33.86', os.name: 'Windows 10', os.arch: 'amd64', os.version: '10.0', java.version: '18.0.2'
Driver info: org.openqa.selenium.chrome.ChromeDriver
Capabilities {acceptInsecureCerts: false, browserName: chrome, browserVersion: 110.0.5481.78, chrome: {chromedriverVersion: 110.0.5481.77 (65ed616c6e8e..., userDataDir: C:\Users\gonch\AppData\Loca...}, goog:chromeOptions: {debuggerAddress: localhost:55746}, javascriptEnabled: true, networkConnectionEnabled: false, pageLoadStrategy: normal, platform: WINDOWS, platformName: WINDOWS, proxy: Proxy(), setWindowRect: true, strictFileInteractability: false, timeouts: {implicit: 0, pageLoad: 300000, script: 30000}, unhandledPromptBehavior: dismiss and notify, webauthn:extension:credBlob: true, webauthn:extension:largeBlob: true, webauthn:virtualAuthenticators: true}
Session ID: eda181170db71313973abb934547d35b
	at java.base/jdk.internal.reflect.DirectConstructorHandleAccessor.newInstance(DirectConstructorHandleAccessor.java:67)
	at java.base/java.lang.reflect.Constructor.newInstanceWithCaller(Constructor.java:499)
	at java.base/java.lang.reflect.Constructor.newInstance(Constructor.java:483)
	at org.openqa.selenium.remote.http.W3CHttpResponseCodec.createException(W3CHttpResponseCodec.java:187)
	at org.openqa.selenium.remote.http.W3CHttpResponseCodec.decode(W3CHttpResponseCodec.java:122)
	at org.openqa.selenium.remote.http.W3CHttpResponseCodec.decode(W3CHttpResponseCodec.java:49)
	at org.openqa.selenium.remote.HttpCommandExecutor.execute(HttpCommandExecutor.java:158)
	at org.openqa.selenium.remote.service.DriverCommandExecutor.execute(DriverCommandExecutor.java:83)
	at org.openqa.selenium.remote.RemoteWebDriver.execute(RemoteWebDriver.java:552)
	at org.openqa.selenium.remote.RemoteWebDriver.get(RemoteWebDriver.java:277)
	at conf.Config.setDriverRequest(Config.java:37)
	at t1.TablesPageObject.OpenBasePage(TablesPageObject.java:12)
	at t1.TablesSteps.авторизовалисьВСистеме(TablesSteps.java:19)
	at ✽.Авторизовались в системе(classpath:tests/BO-Table-Selection-EditDelete.feature:7)
&amp#27;[0m
  &amp#27;[36mКогда &amp#27;[0m&amp#27;[36mОткрыта главная страница&amp#27;[0m               &amp#27;[90m# t1.TablesSteps.открытаглавнаястраница()&amp#27;[0m
  &amp#27;[36mИ &amp#27;[0m&amp#27;[36mНажимаем на кнопку Модуль Аналитики&amp#27;[0m        &amp#27;[90m# t1.TablesSteps.нажимаемНаКнопкуМодульАналитики()&amp#27;[0m
  &amp#27;[36mИ &amp#27;[0m&amp#27;[36mНажимаем на кнопку Выборки&amp#27;[0m                 &amp#27;[90m# Selections.SelectionsSteps.нажимаемНаКнопкуВыборки()&amp#27;[0m
  &amp#27;[36mИ &amp#27;[0m&amp#27;[36mНажимаем на необходимую выборку &amp#27;[0m&amp#27;[36m&amp#27;[1m"ATselect"&amp#27;[0m &amp#27;[90m# Selections.SelectionsSteps.нажимаемНаНеобходимуюВыборку(java.lang.String)&amp#27;[0m
  &amp#27;[36mИ &amp#27;[0m&amp#27;[36mнажимаем на кнопку Удалить выборку&amp#27;[0m         &amp#27;[90m# Selections.SelectionsSteps.нажимаемНаКнопкуУдалитьВыборку()&amp#27;[0m
  &amp#27;[36mИ &amp#27;[0m&amp#27;[36mнажимаем кнопку КОК&amp#27;[0m                        &amp#27;[90m# Selections.SelectionsSteps.нажимаемКнопкуКОК()&amp#27;[0m
  &amp#27;[36mТогда &amp#27;[0m&amp#27;[36mвыборка удалена&amp#27;[0m                        &amp#27;[90m# Selections.SelectionsSteps.выборкаУдалена()&amp#27;[0m
]]></system-out>
  </testcase>
  <testcase name="Удаление таблицы" classname="Базовый функционал." time="0.149">
    <failure message="Превышено максимальное время ожидания элемента&#10;no such element: Unable to locate element: {&quot;method&quot;:&quot;xpath&quot;,&quot;selector&quot;:&quot;//nz-tree-node-title [@title=&apos;Таблицы&apos;]&quot;}&#10;  (Session info: chrome=110.0.5481.78)&#10;For documentation on this error, please visit: https://www.seleniumhq.org/exceptions/no_such_element.html&#10;Build info: version: &apos;3.141.59&apos;, revision: &apos;e82be7d358&apos;, time: &apos;2018-11-14T08:17:03&apos;&#10;System info: host: &apos;DESKTOP-44KA4E2&apos;, ip: &apos;10.20.33.86&apos;, os.name: &apos;Windows 10&apos;, os.arch: &apos;amd64&apos;, os.version: &apos;10.0&apos;, java.version: &apos;18.0.2&apos;&#10;Driver info: org.openqa.selenium.chrome.ChromeDriver&#10;Capabilities {acceptInsecureCerts: false, browserName: chrome, browserVersion: 110.0.5481.78, chrome: {chromedriverVersion: 110.0.5481.77 (65ed616c6e8e..., userDataDir: C:\Users\gonch\AppData\Loca...}, goog:chromeOptions: {debuggerAddress: localhost:55746}, javascriptEnabled: true, networkConnectionEnabled: false, pageLoadStrategy: normal, platform: WINDOWS, platformName: WINDOWS, proxy: Proxy(), setWindowRect: true, strictFileInteractability: false, timeouts: {implicit: 0, pageLoad: 300000, script: 30000}, unhandledPromptBehavior: dismiss and notify, webauthn:extension:credBlob: true, webauthn:extension:largeBlob: true, webauthn:virtualAuthenticators: true}&#10;Session ID: eda181170db71313973abb934547d35b&#10;*** Element info: {Using=xpath, value=//nz-tree-node-title [@title=&apos;Таблицы&apos;]}" type="org.opentest4j.AssertionFailedError">org.opentest4j.AssertionFailedError: 
Превышено максимальное время ожидания элемента
no such element: Unable to locate element: {"method":"xpath","selector":"//nz-tree-node-title [@title='Таблицы']"}
  (Session info: chrome=110.0.5481.78)
For documentation on this error, please visit: https://www.seleniumhq.org/exceptions/no_such_element.html
Build info: version: '3.141.59', revision: 'e82be7d358', time: '2018-11-14T08:17:03'
System info: host: 'DESKTOP-44KA4E2', ip: '10.20.33.86', os.name: 'Windows 10', os.arch: 'amd64', os.version: '10.0', java.version: '18.0.2'
Driver info: org.openqa.selenium.chrome.ChromeDriver
Capabilities {acceptInsecureCerts: false, browserName: chrome, browserVersion: 110.0.5481.78, chrome: {chromedriverVersion: 110.0.5481.77 (65ed616c6e8e..., userDataDir: C:\Users\gonch\AppData\Loca...}, goog:chromeOptions: {debuggerAddress: localhost:55746}, javascriptEnabled: true, networkConnectionEnabled: false, pageLoadStrategy: normal, platform: WINDOWS, platformName: WINDOWS, proxy: Proxy(), setWindowRect: true, strictFileInteractability: false, timeouts: {implicit: 0, pageLoad: 300000, script: 30000}, unhandledPromptBehavior: dismiss and notify, webauthn:extension:credBlob: true, webauthn:extension:largeBlob: true, webauthn:virtualAuthenticators: true}
Session ID: eda181170db71313973abb934547d35b
*** Element info: {Using=xpath, value=//nz-tree-node-title [@title='Таблицы']}
</failure>
    <system-out><![CDATA[
@BasicDelete
Сценарий: Удаление таблицы                       &amp#27;[90m# tests/BO-Table-Selection-EditDelete.feature:16&amp#27;[0m
  &amp#27;[31mИ &amp#27;[0m&amp#27;[31mНажимаем на кнопку Таблицы&amp#27;[0m                   &amp#27;[90m# t1.TablesSteps.нажимаемНаКнопкуТаблицы()&amp#27;[0m
      &amp#27;[31morg.opentest4j.AssertionFailedError: Превышено максимальное время ожидания элемента
no such element: Unable to locate element: {"method":"xpath","selector":"//nz-tree-node-title [@title='Таблицы']"}
  (Session info: chrome=110.0.5481.78)
For documentation on this error, please visit: https://www.seleniumhq.org/exceptions/no_such_element.html
Build info: version: '3.141.59', revision: 'e82be7d358', time: '2018-11-14T08:17:03'
System info: host: 'DESKTOP-44KA4E2', ip: '10.20.33.86', os.name: 'Windows 10', os.arch: 'amd64', os.version: '10.0', java.version: '18.0.2'
Driver info: org.openqa.selenium.chrome.ChromeDriver
Capabilities {acceptInsecureCerts: false, browserName: chrome, browserVersion: 110.0.5481.78, chrome: {chromedriverVersion: 110.0.5481.77 (65ed616c6e8e..., userDataDir: C:\Users\gonch\AppData\Loca...}, goog:chromeOptions: {debuggerAddress: localhost:55746}, javascriptEnabled: true, networkConnectionEnabled: false, pageLoadStrategy: normal, platform: WINDOWS, platformName: WINDOWS, proxy: Proxy(), setWindowRect: true, strictFileInteractability: false, timeouts: {implicit: 0, pageLoad: 300000, script: 30000}, unhandledPromptBehavior: dismiss and notify, webauthn:extension:credBlob: true, webauthn:extension:largeBlob: true, webauthn:virtualAuthenticators: true}
Session ID: eda181170db71313973abb934547d35b
*** Element info: {Using=xpath, value=//nz-tree-node-title [@title='Таблицы']}
	at org.junit.jupiter.api.AssertionUtils.fail(AssertionUtils.java:39)
	at org.junit.jupiter.api.Assertions.fail(Assertions.java:134)
	at conf.helpclass.CheckElementToBeClickable(helpclass.java:29)
	at conf.helpclass.clickElementClickable(helpclass.java:110)
	at t1.TablesPageObject.ClickTablesButton(TablesPageObject.java:26)
	at t1.TablesSteps.нажимаемНаКнопкуТаблицы(TablesSteps.java:33)
	at ✽.Нажимаем на кнопку Таблицы(classpath:tests/BO-Table-Selection-EditDelete.feature:17)
&amp#27;[0m
  &amp#27;[36mИ &amp#27;[0m&amp#27;[36mнажимаем на необходимую таблицу &amp#27;[0m&amp#27;[36m&amp#27;[1m"attable109"&amp#27;[0m &amp#27;[90m# t1.TablesSteps.нажимаемНаНеобходимуюТаблицу(java.lang.String)&amp#27;[0m
  &amp#27;[36mИ &amp#27;[0m&amp#27;[36mнажимаем на кнопку удаления таблицы&amp#27;[0m          &amp#27;[90m# t1.TablesSteps.нажимаемНаКнопкуУдаленияТаблицы()&amp#27;[0m
  &amp#27;[36mИ &amp#27;[0m&amp#27;[36mнажимаем на ОК&amp#27;[0m                               &amp#27;[90m# t1.TablesSteps.нажимаемНаОК()&amp#27;[0m
  &amp#27;[36mТогда &amp#27;[0m&amp#27;[36mтаблица удалена&amp#27;[0m                          &amp#27;[90m# t1.TablesSteps.таблицаУдалена()&amp#27;[0m
]]></system-out>
  </testcase>
  <testcase name="Удаление конфигурации БО" classname="Базовый функционал." time="0.101">
    <failure message="Превышено максимальное время ожидания элемента&#10;no such element: Unable to locate element: {&quot;method&quot;:&quot;xpath&quot;,&quot;selector&quot;:&quot;//nz-tree-node-title [@title=&apos;Бизнес объекты&apos;]&quot;}&#10;  (Session info: chrome=110.0.5481.78)&#10;For documentation on this error, please visit: https://www.seleniumhq.org/exceptions/no_such_element.html&#10;Build info: version: &apos;3.141.59&apos;, revision: &apos;e82be7d358&apos;, time: &apos;2018-11-14T08:17:03&apos;&#10;System info: host: &apos;DESKTOP-44KA4E2&apos;, ip: &apos;10.20.33.86&apos;, os.name: &apos;Windows 10&apos;, os.arch: &apos;amd64&apos;, os.version: &apos;10.0&apos;, java.version: &apos;18.0.2&apos;&#10;Driver info: org.openqa.selenium.chrome.ChromeDriver&#10;Capabilities {acceptInsecureCerts: false, browserName: chrome, browserVersion: 110.0.5481.78, chrome: {chromedriverVersion: 110.0.5481.77 (65ed616c6e8e..., userDataDir: C:\Users\gonch\AppData\Loca...}, goog:chromeOptions: {debuggerAddress: localhost:55746}, javascriptEnabled: true, networkConnectionEnabled: false, pageLoadStrategy: normal, platform: WINDOWS, platformName: WINDOWS, proxy: Proxy(), setWindowRect: true, strictFileInteractability: false, timeouts: {implicit: 0, pageLoad: 300000, script: 30000}, unhandledPromptBehavior: dismiss and notify, webauthn:extension:credBlob: true, webauthn:extension:largeBlob: true, webauthn:virtualAuthenticators: true}&#10;Session ID: eda181170db71313973abb934547d35b&#10;*** Element info: {Using=xpath, value=//nz-tree-node-title [@title=&apos;Бизнес объекты&apos;]}" type="org.opentest4j.AssertionFailedError">org.opentest4j.AssertionFailedError: 
Превышено максимальное время ожидания элемента
no such element: Unable to locate element: {"method":"xpath","selector":"//nz-tree-node-title [@title='Бизнес объекты']"}
  (Session info: chrome=110.0.5481.78)
For documentation on this error, please visit: https://www.seleniumhq.org/exceptions/no_such_element.html
Build info: version: '3.141.59', revision: 'e82be7d358', time: '2018-11-14T08:17:03'
System info: host: 'DESKTOP-44KA4E2', ip: '10.20.33.86', os.name: 'Windows 10', os.arch: 'amd64', os.version: '10.0', java.version: '18.0.2'
Driver info: org.openqa.selenium.chrome.ChromeDriver
Capabilities {acceptInsecureCerts: false, browserName: chrome, browserVersion: 110.0.5481.78, chrome: {chromedriverVersion: 110.0.5481.77 (65ed616c6e8e..., userDataDir: C:\Users\gonch\AppData\Loca...}, goog:chromeOptions: {debuggerAddress: localhost:55746}, javascriptEnabled: true, networkConnectionEnabled: false, pageLoadStrategy: normal, platform: WINDOWS, platformName: WINDOWS, proxy: Proxy(), setWindowRect: true, strictFileInteractability: false, timeouts: {implicit: 0, pageLoad: 300000, script: 30000}, unhandledPromptBehavior: dismiss and notify, webauthn:extension:credBlob: true, webauthn:extension:largeBlob: true, webauthn:virtualAuthenticators: true}
Session ID: eda181170db71313973abb934547d35b
*** Element info: {Using=xpath, value=//nz-tree-node-title [@title='Бизнес объекты']}
</failure>
    <system-out><![CDATA[
@BasicDelete
Сценарий: Удаление конфигурации БО                  &amp#27;[90m# tests/BO-Table-Selection-EditDelete.feature:23&amp#27;[0m
  &amp#27;[31mИ &amp#27;[0m&amp#27;[31mнажимаем на кнопку Бизнес объекты&amp#27;[0m               &amp#27;[90m# BusinessObjects.BOSteps.НажимаемНаКнопкуБизнесОбъекты()&amp#27;[0m
      &amp#27;[31morg.opentest4j.AssertionFailedError: Превышено максимальное время ожидания элемента
no such element: Unable to locate element: {"method":"xpath","selector":"//nz-tree-node-title [@title='Бизнес объекты']"}
  (Session info: chrome=110.0.5481.78)
For documentation on this error, please visit: https://www.seleniumhq.org/exceptions/no_such_element.html
Build info: version: '3.141.59', revision: 'e82be7d358', time: '2018-11-14T08:17:03'
System info: host: 'DESKTOP-44KA4E2', ip: '10.20.33.86', os.name: 'Windows 10', os.arch: 'amd64', os.version: '10.0', java.version: '18.0.2'
Driver info: org.openqa.selenium.chrome.ChromeDriver
Capabilities {acceptInsecureCerts: false, browserName: chrome, browserVersion: 110.0.5481.78, chrome: {chromedriverVersion: 110.0.5481.77 (65ed616c6e8e..., userDataDir: C:\Users\gonch\AppData\Loca...}, goog:chromeOptions: {debuggerAddress: localhost:55746}, javascriptEnabled: true, networkConnectionEnabled: false, pageLoadStrategy: normal, platform: WINDOWS, platformName: WINDOWS, proxy: Proxy(), setWindowRect: true, strictFileInteractability: false, timeouts: {implicit: 0, pageLoad: 300000, script: 30000}, unhandledPromptBehavior: dismiss and notify, webauthn:extension:credBlob: true, webauthn:extension:largeBlob: true, webauthn:virtualAuthenticators: true}
Session ID: eda181170db71313973abb934547d35b
*** Element info: {Using=xpath, value=//nz-tree-node-title [@title='Бизнес объекты']}
	at org.junit.jupiter.api.AssertionUtils.fail(AssertionUtils.java:39)
	at org.junit.jupiter.api.Assertions.fail(Assertions.java:134)
	at conf.helpclass.CheckElementToBeClickable(helpclass.java:29)
	at conf.helpclass.clickElementClickable(helpclass.java:110)
	at BusinessObjects.BOPageObject.ClickCreateButton(BOPageObject.java:9)
	at BusinessObjects.BOSteps.НажимаемНаКнопкуБизнесОбъекты(BOSteps.java:12)
	at ✽.нажимаем на кнопку Бизнес объекты(classpath:tests/BO-Table-Selection-EditDelete.feature:24)
&amp#27;[0m
  &amp#27;[36mИ &amp#27;[0m&amp#27;[36mнажимаем на уже созданную конфигурацию &amp#27;[0m&amp#27;[36m&amp#27;[1m"ATconf"&amp#27;[0m &amp#27;[90m# BusinessObjects.BOSteps.нажимаемНаУжеСозданнуюКонфигурацию(java.lang.String)&amp#27;[0m
  &amp#27;[36mИ &amp#27;[0m&amp#27;[36mнажимаем на кнопку Удалить конфигурацию&amp#27;[0m         &amp#27;[90m# BusinessObjects.BOSteps.нажимаемНаКнопкуУдалитьКонфигурацию()&amp#27;[0m
  &amp#27;[36mИ &amp#27;[0m&amp#27;[36mнажимаем на кнопку ОК&amp#27;[0m                           &amp#27;[90m# BusinessObjects.BOSteps.нажимаемНаКнопкуОК()&amp#27;[0m
  &amp#27;[36mТогда &amp#27;[0m&amp#27;[36mконфигурация БО удалена&amp#27;[0m                     &amp#27;[90m# BusinessObjects.BOSteps.конфигурацияБОУдалена()&amp#27;[0m
]]></system-out>
  </testcase>
  <testcase name="Создание Функции" classname="Базовый функционал." time="0.155">
    <error message="unknown error: net::ERR_NAME_NOT_RESOLVED&#10;  (Session info: chrome=110.0.5481.78)&#10;Build info: version: &apos;3.141.59&apos;, revision: &apos;e82be7d358&apos;, time: &apos;2018-11-14T08:17:03&apos;&#10;System info: host: &apos;DESKTOP-44KA4E2&apos;, ip: &apos;10.20.33.86&apos;, os.name: &apos;Windows 10&apos;, os.arch: &apos;amd64&apos;, os.version: &apos;10.0&apos;, java.version: &apos;18.0.2&apos;&#10;Driver info: org.openqa.selenium.chrome.ChromeDriver&#10;Capabilities {acceptInsecureCerts: false, browserName: chrome, browserVersion: 110.0.5481.78, chrome: {chromedriverVersion: 110.0.5481.77 (65ed616c6e8e..., userDataDir: C:\Users\gonch\AppData\Loca...}, goog:chromeOptions: {debuggerAddress: localhost:55746}, javascriptEnabled: true, networkConnectionEnabled: false, pageLoadStrategy: normal, platform: WINDOWS, platformName: WINDOWS, proxy: Proxy(), setWindowRect: true, strictFileInteractability: false, timeouts: {implicit: 0, pageLoad: 300000, script: 30000}, unhandledPromptBehavior: dismiss and notify, webauthn:extension:credBlob: true, webauthn:extension:largeBlob: true, webauthn:virtualAuthenticators: true}&#10;Session ID: eda181170db71313973abb934547d35b" type="org.openqa.selenium.WebDriverException">org.openqa.selenium.WebDriverException: 
unknown error: net::ERR_NAME_NOT_RESOLVED
  (Session info: chrome=110.0.5481.78)
Build info: version: '3.141.59', revision: 'e82be7d358', time: '2018-11-14T08:17:03'
System info: host: 'DESKTOP-44KA4E2', ip: '10.20.33.86', os.name: 'Windows 10', os.arch: 'amd64', os.version: '10.0', java.version: '18.0.2'
Driver info: org.openqa.selenium.chrome.ChromeDriver
Capabilities {acceptInsecureCerts: false, browserName: chrome, browserVersion: 110.0.5481.78, chrome: {chromedriverVersion: 110.0.5481.77 (65ed616c6e8e..., userDataDir: C:\Users\gonch\AppData\Loca...}, goog:chromeOptions: {debuggerAddress: localhost:55746}, javascriptEnabled: true, networkConnectionEnabled: false, pageLoadStrategy: normal, platform: WINDOWS, platformName: WINDOWS, proxy: Proxy(), setWindowRect: true, strictFileInteractability: false, timeouts: {implicit: 0, pageLoad: 300000, script: 30000}, unhandledPromptBehavior: dismiss and notify, webauthn:extension:credBlob: true, webauthn:extension:largeBlob: true, webauthn:virtualAuthenticators: true}
Session ID: eda181170db71313973abb934547d35b
</error>
    <system-out><![CDATA[
@BasicFuncScCreation
Сценарий: Создание Функции                                                &amp#27;[90m# tests/Function-Scenario-Creation.feature:6&amp#27;[0m
  &amp#27;[31mДано &amp#27;[0m&amp#27;[31mАвторизовались в системе&amp#27;[0m                                           &amp#27;[90m# t1.TablesSteps.авторизовалисьВСистеме()&amp#27;[0m
      &amp#27;[31morg.openqa.selenium.WebDriverException: unknown error: net::ERR_NAME_NOT_RESOLVED
  (Session info: chrome=110.0.5481.78)
Build info: version: '3.141.59', revision: 'e82be7d358', time: '2018-11-14T08:17:03'
System info: host: 'DESKTOP-44KA4E2', ip: '10.20.33.86', os.name: 'Windows 10', os.arch: 'amd64', os.version: '10.0', java.version: '18.0.2'
Driver info: org.openqa.selenium.chrome.ChromeDriver
Capabilities {acceptInsecureCerts: false, browserName: chrome, browserVersion: 110.0.5481.78, chrome: {chromedriverVersion: 110.0.5481.77 (65ed616c6e8e..., userDataDir: C:\Users\gonch\AppData\Loca...}, goog:chromeOptions: {debuggerAddress: localhost:55746}, javascriptEnabled: true, networkConnectionEnabled: false, pageLoadStrategy: normal, platform: WINDOWS, platformName: WINDOWS, proxy: Proxy(), setWindowRect: true, strictFileInteractability: false, timeouts: {implicit: 0, pageLoad: 300000, script: 30000}, unhandledPromptBehavior: dismiss and notify, webauthn:extension:credBlob: true, webauthn:extension:largeBlob: true, webauthn:virtualAuthenticators: true}
Session ID: eda181170db71313973abb934547d35b
	at java.base/jdk.internal.reflect.DirectConstructorHandleAccessor.newInstance(DirectConstructorHandleAccessor.java:67)
	at java.base/java.lang.reflect.Constructor.newInstanceWithCaller(Constructor.java:499)
	at java.base/java.lang.reflect.Constructor.newInstance(Constructor.java:483)
	at org.openqa.selenium.remote.http.W3CHttpResponseCodec.createException(W3CHttpResponseCodec.java:187)
	at org.openqa.selenium.remote.http.W3CHttpResponseCodec.decode(W3CHttpResponseCodec.java:122)
	at org.openqa.selenium.remote.http.W3CHttpResponseCodec.decode(W3CHttpResponseCodec.java:49)
	at org.openqa.selenium.remote.HttpCommandExecutor.execute(HttpCommandExecutor.java:158)
	at org.openqa.selenium.remote.service.DriverCommandExecutor.execute(DriverCommandExecutor.java:83)
	at org.openqa.selenium.remote.RemoteWebDriver.execute(RemoteWebDriver.java:552)
	at org.openqa.selenium.remote.RemoteWebDriver.get(RemoteWebDriver.java:277)
	at conf.Config.setDriverRequest(Config.java:37)
	at t1.TablesPageObject.OpenBasePage(TablesPageObject.java:12)
	at t1.TablesSteps.авторизовалисьВСистеме(TablesSteps.java:19)
	at ✽.Авторизовались в системе(classpath:tests/Function-Scenario-Creation.feature:7)
&amp#27;[0m
  &amp#27;[36mКогда &amp#27;[0m&amp#27;[36mОткрыта главная страница&amp#27;[0m                                          &amp#27;[90m# t1.TablesSteps.открытаглавнаястраница()&amp#27;[0m
  &amp#27;[36mИ &amp#27;[0m&amp#27;[36mНажимаем на кнопку Модуль Аналитики&amp#27;[0m                                   &amp#27;[90m# t1.TablesSteps.нажимаемНаКнопкуМодульАналитики()&amp#27;[0m
  &amp#27;[36mИ &amp#27;[0m&amp#27;[36mнажимаем на кнопку Функции&amp#27;[0m                                            &amp#27;[90m# Functions.FunctionSteps.НажимаемНаКнопкуФункции()&amp#27;[0m
  &amp#27;[36mИ &amp#27;[0m&amp#27;[36mнажимаем на кнопку создать функцию&amp#27;[0m                                    &amp#27;[90m# Functions.FunctionSteps.нажимаемНаКнопкуСоздатьФункцию()&amp#27;[0m
  &amp#27;[36mИ &amp#27;[0m&amp#27;[36mзаполняем имя функции: &amp#27;[0m&amp#27;[36m&amp#27;[1m"ATFunction"&amp#27;[0m                                   &amp#27;[90m# Functions.FunctionSteps.заполняемИмяФункции(java.lang.String)&amp#27;[0m
  &amp#27;[36mИ &amp#27;[0m&amp#27;[36mвыбираем группу функции: &amp#27;[0m&amp#27;[36m&amp#27;[1m"Группа"&amp#27;[0m&amp#27;[36m, &amp#27;[0m&amp#27;[36m&amp#27;[1m"ROOT"&amp#27;[0m                             &amp#27;[90m# Functions.FunctionSteps.выбираемГруппуФункции(java.lang.String,java.lang.String)&amp#27;[0m
  &amp#27;[36mИ &amp#27;[0m&amp#27;[36mзаполняем описание функции: &amp#27;[0m&amp#27;[36m&amp#27;[1m"Description"&amp#27;[0m                             &amp#27;[90m# Functions.FunctionSteps.заполняемОписаниеФункции(java.lang.String)&amp#27;[0m
  &amp#27;[36mИ &amp#27;[0m&amp#27;[36mзаполняем код функции &amp#27;[0m&amp#27;[36m&amp#27;[1m"public static void function"&amp#27;[0m                   &amp#27;[90m# Functions.FunctionSteps.заполняемКодФункции(java.lang.String)&amp#27;[0m
  &amp#27;[36mИ &amp#27;[0m&amp#27;[36mвыбираем тип выходного параметра: &amp#27;[0m&amp#27;[36m&amp#27;[1m"Тип выходного параметра"&amp#27;[0m&amp#27;[36m, &amp#27;[0m&amp#27;[36m&amp#27;[1m"STRING"&amp#27;[0m &amp#27;[90m# Functions.FunctionSteps.выбираемТипВыходногоПараметра(java.lang.String,java.lang.String)&amp#27;[0m
  &amp#27;[36mИ &amp#27;[0m&amp#27;[36mдобавляем входной параметр&amp#27;[0m                                            &amp#27;[90m# Functions.FunctionSteps.добавляемВходнойПараметр()&amp#27;[0m
  &amp#27;[36mИ &amp#27;[0m&amp#27;[36mзаполняем имя входного параметра: &amp#27;[0m&amp#27;[36m&amp#27;[1m"FuncInputParameter"&amp#27;[0m                &amp#27;[90m# Functions.FunctionSteps.заполняемИмяВходногоПараметра(java.lang.String)&amp#27;[0m
  &amp#27;[36mИ &amp#27;[0m&amp#27;[36mзаполняем описание параметра: &amp#27;[0m&amp#27;[36m&amp#27;[1m"ParamDescription"&amp#27;[0m                      &amp#27;[90m# Functions.FunctionSteps.заполняемОписаниеПараметра(java.lang.String)&amp#27;[0m
  &amp#27;[36mИ &amp#27;[0m&amp#27;[36mвыбираем тип параметра: &amp#27;[0m&amp#27;[36m&amp#27;[1m"STRING"&amp#27;[0m                                      &amp#27;[90m# Functions.FunctionSteps.выбираемТипПараметра(java.lang.String)&amp#27;[0m
  &amp#27;[36mИ &amp#27;[0m&amp#27;[36mнажимаем ОК&amp#27;[0m                                                           &amp#27;[90m# BusinessObjects.BOSteps.нажимаемОК()&amp#27;[0m
  &amp#27;[36mТогда &amp#27;[0m&amp#27;[36mфункция создана&amp#27;[0m                                                   &amp#27;[90m# Functions.FunctionSteps.функцияСоздана()&amp#27;[0m
]]></system-out>
  </testcase>
</testsuite>